<?xml version="1.0" encoding="UTF-8"?>
<testsuite name="com.bootcamp_2024_2.api_stock.domain.api.usecase.CategoryUseCaseTest" tests="4" skipped="0" failures="0" errors="0" timestamp="2024-09-06T04:14:32" hostname="JUANES" time="2.948">
  <properties/>
  <testcase name="Given no categories available, it should return an empty paginated result." classname="com.bootcamp_2024_2.api_stock.domain.api.usecase.CategoryUseCaseTest" time="2.874"/>
  <testcase name="whenCategoryDoesNotExist_thenSaveCategory()" classname="com.bootcamp_2024_2.api_stock.domain.api.usecase.CategoryUseCaseTest" time="0.019"/>
  <testcase name="Given valid pagination parameters, it should return a paginated list of categories." classname="com.bootcamp_2024_2.api_stock.domain.api.usecase.CategoryUseCaseTest" time="0.014"/>
  <testcase name="whenCategoryExists_thenThrowException()" classname="com.bootcamp_2024_2.api_stock.domain.api.usecase.CategoryUseCaseTest" time="0.025"/>
  <system-out><![CDATA[]]></system-out>
  <system-err><![CDATA[]]></system-err>
</testsuite>
