<?xml version="1.0" encoding="UTF-8"?>
<testsuite name="com.bootcamp_2024_2.api_stock.adapters.driving.http.controller.BrandRestControllerAdapterTest" tests="10" skipped="0" failures="0" errors="0" timestamp="2024-09-11T01:28:16" hostname="JUANES" time="7.339">
  <properties/>
  <testcase name="[1] testCase=com.bootcamp_2024_2.api_stock.testData.RequestCase@10f7f7de" classname="com.bootcamp_2024_2.api_stock.adapters.driving.http.controller.BrandRestControllerAdapterTest" time="6.494"/>
  <testcase name="[2] testCase=com.bootcamp_2024_2.api_stock.testData.RequestCase@a21c74" classname="com.bootcamp_2024_2.api_stock.adapters.driving.http.controller.BrandRestControllerAdapterTest" time="0.15"/>
  <testcase name="[3] testCase=com.bootcamp_2024_2.api_stock.testData.RequestCase@27bcb4ad" classname="com.bootcamp_2024_2.api_stock.adapters.driving.http.controller.BrandRestControllerAdapterTest" time="0.051"/>
  <testcase name="[4] testCase=com.bootcamp_2024_2.api_stock.testData.RequestCase@aa752bb" classname="com.bootcamp_2024_2.api_stock.adapters.driving.http.controller.BrandRestControllerAdapterTest" time="0.058"/>
  <testcase name="[5] testCase=com.bootcamp_2024_2.api_stock.testData.RequestCase@66d3b881" classname="com.bootcamp_2024_2.api_stock.adapters.driving.http.controller.BrandRestControllerAdapterTest" time="0.051"/>
  <testcase name="[6] testCase=com.bootcamp_2024_2.api_stock.testData.RequestCase@365cef67" classname="com.bootcamp_2024_2.api_stock.adapters.driving.http.controller.BrandRestControllerAdapterTest" time="0.051"/>
  <testcase name="[7] testCase=com.bootcamp_2024_2.api_stock.testData.RequestCase@78479f2b" classname="com.bootcamp_2024_2.api_stock.adapters.driving.http.controller.BrandRestControllerAdapterTest" time="0.063"/>
  <testcase name="[8] testCase=com.bootcamp_2024_2.api_stock.testData.RequestCase@6a5dd083" classname="com.bootcamp_2024_2.api_stock.adapters.driving.http.controller.BrandRestControllerAdapterTest" time="0.065"/>
  <testcase name="[9] testCase=com.bootcamp_2024_2.api_stock.testData.RequestCase@474e34e4" classname="com.bootcamp_2024_2.api_stock.adapters.driving.http.controller.BrandRestControllerAdapterTest" time="0.049"/>
  <testcase name="testGetAllBrands()" classname="com.bootcamp_2024_2.api_stock.adapters.driving.http.controller.BrandRestControllerAdapterTest" time="0.267"/>
  <system-out><![CDATA[20:28:20.230 [Test worker] INFO org.hibernate.validator.internal.util.Version -- HV000001: Hibernate Validator 8.0.1.Final
20:28:22.119 [Test worker] INFO org.springframework.mock.web.MockServletContext -- Initializing Spring TestDispatcherServlet ''
20:28:22.120 [Test worker] INFO org.springframework.test.web.servlet.TestDispatcherServlet -- Initializing Servlet ''
20:28:22.128 [Test worker] INFO org.springframework.test.web.servlet.TestDispatcherServlet -- Completed initialization in 6 ms
20:28:22.821 [Test worker] INFO org.springframework.mock.web.MockServletContext -- Initializing Spring TestDispatcherServlet ''
20:28:22.821 [Test worker] INFO org.springframework.test.web.servlet.TestDispatcherServlet -- Initializing Servlet ''
20:28:22.823 [Test worker] INFO org.springframework.test.web.servlet.TestDispatcherServlet -- Completed initialization in 0 ms
20:28:22.932 [Test worker] WARN org.springframework.web.servlet.mvc.support.DefaultHandlerExceptionResolver -- Resolved [org.springframework.web.bind.MethodArgumentNotValidException: Validation failed for argument [0] in public org.springframework.http.ResponseEntity<com.bootcamp_2024_2.api_stock.adapters.driving.http.dto.response.BrandResponse> com.bootcamp_2024_2.api_stock.adapters.driving.http.controller.BrandRestControllerAdapter.addBrand(com.bootcamp_2024_2.api_stock.adapters.driving.http.dto.request.AddBrandRequest) with 2 errors: [Field error in object 'addBrandRequest' on field 'name': rejected value []; codes [Size.addBrandRequest.name,Size.name,Size.java.lang.String,Size]; arguments [org.springframework.context.support.DefaultMessageSourceResolvable: codes [addBrandRequest.name,name]; arguments []; default message [name],50,2]; default message [The name must be between 2 and 50 characters]] [Field error in object 'addBrandRequest' on field 'name': rejected value []; codes [NotBlank.addBrandRequest.name,NotBlank.name,NotBlank.java.lang.String,NotBlank]; arguments [org.springframework.context.support.DefaultMessageSourceResolvable: codes [addBrandRequest.name,name]; arguments []; default message [name]]; default message [Field 'name' cannot be null]] ]
20:28:22.968 [Test worker] INFO org.springframework.mock.web.MockServletContext -- Initializing Spring TestDispatcherServlet ''
20:28:22.969 [Test worker] INFO org.springframework.test.web.servlet.TestDispatcherServlet -- Initializing Servlet ''
20:28:22.969 [Test worker] INFO org.springframework.test.web.servlet.TestDispatcherServlet -- Completed initialization in 0 ms
20:28:22.993 [Test worker] WARN org.springframework.web.servlet.mvc.support.DefaultHandlerExceptionResolver -- Resolved [org.springframework.web.bind.MethodArgumentNotValidException: Validation failed for argument [0] in public org.springframework.http.ResponseEntity<com.bootcamp_2024_2.api_stock.adapters.driving.http.dto.response.BrandResponse> com.bootcamp_2024_2.api_stock.adapters.driving.http.controller.BrandRestControllerAdapter.addBrand(com.bootcamp_2024_2.api_stock.adapters.driving.http.dto.request.AddBrandRequest) with 2 errors: [Field error in object 'addBrandRequest' on field 'description': rejected value []; codes [Size.addBrandRequest.description,Size.description,Size.java.lang.String,Size]; arguments [org.springframework.context.support.DefaultMessageSourceResolvable: codes [addBrandRequest.description,description]; arguments []; default message [description],120,2]; default message [Description must be between 2 and 120 characters]] [Field error in object 'addBrandRequest' on field 'description': rejected value []; codes [NotBlank.addBrandRequest.description,NotBlank.description,NotBlank.java.lang.String,NotBlank]; arguments [org.springframework.context.support.DefaultMessageSourceResolvable: codes [addBrandRequest.description,description]; arguments []; default message [description]]; default message [Field 'description' cannot be null]] ]
20:28:23.029 [Test worker] INFO org.springframework.mock.web.MockServletContext -- Initializing Spring TestDispatcherServlet ''
20:28:23.030 [Test worker] INFO org.springframework.test.web.servlet.TestDispatcherServlet -- Initializing Servlet ''
20:28:23.030 [Test worker] INFO org.springframework.test.web.servlet.TestDispatcherServlet -- Completed initialization in 0 ms
20:28:23.055 [Test worker] WARN org.springframework.web.servlet.mvc.support.DefaultHandlerExceptionResolver -- Resolved [org.springframework.web.bind.MethodArgumentNotValidException: Validation failed for argument [0] in public org.springframework.http.ResponseEntity<com.bootcamp_2024_2.api_stock.adapters.driving.http.dto.response.BrandResponse> com.bootcamp_2024_2.api_stock.adapters.driving.http.controller.BrandRestControllerAdapter.addBrand(com.bootcamp_2024_2.api_stock.adapters.driving.http.dto.request.AddBrandRequest) with 2 errors: [Field error in object 'addBrandRequest' on field 'name': rejected value [N]; codes [Size.addBrandRequest.name,Size.name,Size.java.lang.String,Size]; arguments [org.springframework.context.support.DefaultMessageSourceResolvable: codes [addBrandRequest.name,name]; arguments []; default message [name],50,2]; default message [The name must be between 2 and 50 characters]] [Field error in object 'addBrandRequest' on field 'description': rejected value [N]; codes [Size.addBrandRequest.description,Size.description,Size.java.lang.String,Size]; arguments [org.springframework.context.support.DefaultMessageSourceResolvable: codes [addBrandRequest.description,description]; arguments []; default message [description],120,2]; default message [Description must be between 2 and 120 characters]] ]
20:28:23.088 [Test worker] INFO org.springframework.mock.web.MockServletContext -- Initializing Spring TestDispatcherServlet ''
20:28:23.088 [Test worker] INFO org.springframework.test.web.servlet.TestDispatcherServlet -- Initializing Servlet ''
20:28:23.089 [Test worker] INFO org.springframework.test.web.servlet.TestDispatcherServlet -- Completed initialization in 1 ms
20:28:23.111 [Test worker] WARN org.springframework.web.servlet.mvc.support.DefaultHandlerExceptionResolver -- Resolved [org.springframework.web.bind.MethodArgumentNotValidException: Validation failed for argument [0] in public org.springframework.http.ResponseEntity<com.bootcamp_2024_2.api_stock.adapters.driving.http.dto.response.BrandResponse> com.bootcamp_2024_2.api_stock.adapters.driving.http.controller.BrandRestControllerAdapter.addBrand(com.bootcamp_2024_2.api_stock.adapters.driving.http.dto.request.AddBrandRequest): [Field error in object 'addBrandRequest' on field 'name': rejected value [Lorem ipsum dolor sit amet, consectetur adipiscing elit. Aenean.]; codes [Size.addBrandRequest.name,Size.name,Size.java.lang.String,Size]; arguments [org.springframework.context.support.DefaultMessageSourceResolvable: codes [addBrandRequest.name,name]; arguments []; default message [name],50,2]; default message [The name must be between 2 and 50 characters]] ]
20:28:23.142 [Test worker] INFO org.springframework.mock.web.MockServletContext -- Initializing Spring TestDispatcherServlet ''
20:28:23.143 [Test worker] INFO org.springframework.test.web.servlet.TestDispatcherServlet -- Initializing Servlet ''
20:28:23.145 [Test worker] INFO org.springframework.test.web.servlet.TestDispatcherServlet -- Completed initialization in 2 ms
20:28:23.165 [Test worker] WARN org.springframework.web.servlet.mvc.support.DefaultHandlerExceptionResolver -- Resolved [org.springframework.web.bind.MethodArgumentNotValidException: Validation failed for argument [0] in public org.springframework.http.ResponseEntity<com.bootcamp_2024_2.api_stock.adapters.driving.http.dto.response.BrandResponse> com.bootcamp_2024_2.api_stock.adapters.driving.http.controller.BrandRestControllerAdapter.addBrand(com.bootcamp_2024_2.api_stock.adapters.driving.http.dto.request.AddBrandRequest) with 2 errors: [Field error in object 'addBrandRequest' on field 'name': rejected value []; codes [NotBlank.addBrandRequest.name,NotBlank.name,NotBlank.java.lang.String,NotBlank]; arguments [org.springframework.context.support.DefaultMessageSourceResolvable: codes [addBrandRequest.name,name]; arguments []; default message [name]]; default message [Field 'name' cannot be null]] [Field error in object 'addBrandRequest' on field 'name': rejected value []; codes [Size.addBrandRequest.name,Size.name,Size.java.lang.String,Size]; arguments [org.springframework.context.support.DefaultMessageSourceResolvable: codes [addBrandRequest.name,name]; arguments []; default message [name],50,2]; default message [The name must be between 2 and 50 characters]] ]
20:28:23.201 [Test worker] INFO org.springframework.mock.web.MockServletContext -- Initializing Spring TestDispatcherServlet ''
20:28:23.202 [Test worker] INFO org.springframework.test.web.servlet.TestDispatcherServlet -- Initializing Servlet ''
20:28:23.204 [Test worker] INFO org.springframework.test.web.servlet.TestDispatcherServlet -- Completed initialization in 2 ms
20:28:23.233 [Test worker] WARN org.springframework.web.servlet.mvc.support.DefaultHandlerExceptionResolver -- Resolved [org.springframework.web.bind.MethodArgumentNotValidException: Validation failed for argument [0] in public org.springframework.http.ResponseEntity<com.bootcamp_2024_2.api_stock.adapters.driving.http.dto.response.BrandResponse> com.bootcamp_2024_2.api_stock.adapters.driving.http.controller.BrandRestControllerAdapter.addBrand(com.bootcamp_2024_2.api_stock.adapters.driving.http.dto.request.AddBrandRequest) with 2 errors: [Field error in object 'addBrandRequest' on field 'description': rejected value []; codes [Size.addBrandRequest.description,Size.description,Size.java.lang.String,Size]; arguments [org.springframework.context.support.DefaultMessageSourceResolvable: codes [addBrandRequest.description,description]; arguments []; default message [description],120,2]; default message [Description must be between 2 and 120 characters]] [Field error in object 'addBrandRequest' on field 'description': rejected value []; codes [NotBlank.addBrandRequest.description,NotBlank.description,NotBlank.java.lang.String,NotBlank]; arguments [org.springframework.context.support.DefaultMessageSourceResolvable: codes [addBrandRequest.description,description]; arguments []; default message [description]]; default message [Field 'description' cannot be null]] ]
20:28:23.275 [Test worker] INFO org.springframework.mock.web.MockServletContext -- Initializing Spring TestDispatcherServlet ''
20:28:23.276 [Test worker] INFO org.springframework.test.web.servlet.TestDispatcherServlet -- Initializing Servlet ''
20:28:23.278 [Test worker] INFO org.springframework.test.web.servlet.TestDispatcherServlet -- Completed initialization in 2 ms
20:28:23.301 [Test worker] WARN org.springframework.web.servlet.mvc.support.DefaultHandlerExceptionResolver -- Resolved [org.springframework.web.bind.MethodArgumentNotValidException: Validation failed for argument [0] in public org.springframework.http.ResponseEntity<com.bootcamp_2024_2.api_stock.adapters.driving.http.dto.response.BrandResponse> com.bootcamp_2024_2.api_stock.adapters.driving.http.controller.BrandRestControllerAdapter.addBrand(com.bootcamp_2024_2.api_stock.adapters.driving.http.dto.request.AddBrandRequest) with 2 errors: [Field error in object 'addBrandRequest' on field 'name': rejected value [N]; codes [Size.addBrandRequest.name,Size.name,Size.java.lang.String,Size]; arguments [org.springframework.context.support.DefaultMessageSourceResolvable: codes [addBrandRequest.name,name]; arguments []; default message [name],50,2]; default message [The name must be between 2 and 50 characters]] [Field error in object 'addBrandRequest' on field 'description': rejected value [N]; codes [Size.addBrandRequest.description,Size.description,Size.java.lang.String,Size]; arguments [org.springframework.context.support.DefaultMessageSourceResolvable: codes [addBrandRequest.description,description]; arguments []; default message [description],120,2]; default message [Description must be between 2 and 120 characters]] ]
20:28:23.331 [Test worker] INFO org.springframework.mock.web.MockServletContext -- Initializing Spring TestDispatcherServlet ''
20:28:23.331 [Test worker] INFO org.springframework.test.web.servlet.TestDispatcherServlet -- Initializing Servlet ''
20:28:23.332 [Test worker] INFO org.springframework.test.web.servlet.TestDispatcherServlet -- Completed initialization in 1 ms
20:28:23.353 [Test worker] WARN org.springframework.web.servlet.mvc.support.DefaultHandlerExceptionResolver -- Resolved [org.springframework.web.bind.MethodArgumentNotValidException: Validation failed for argument [0] in public org.springframework.http.ResponseEntity<com.bootcamp_2024_2.api_stock.adapters.driving.http.dto.response.BrandResponse> com.bootcamp_2024_2.api_stock.adapters.driving.http.controller.BrandRestControllerAdapter.addBrand(com.bootcamp_2024_2.api_stock.adapters.driving.http.dto.request.AddBrandRequest): [Field error in object 'addBrandRequest' on field 'name': rejected value [Lorem ipsum dolor sit amet, consectetur adipiscing elit. Aenean.]; codes [Size.addBrandRequest.name,Size.name,Size.java.lang.String,Size]; arguments [org.springframework.context.support.DefaultMessageSourceResolvable: codes [addBrandRequest.name,name]; arguments []; default message [name],50,2]; default message [The name must be between 2 and 50 characters]] ]
20:28:23.383 [Test worker] INFO org.springframework.mock.web.MockServletContext -- Initializing Spring TestDispatcherServlet ''
20:28:23.384 [Test worker] INFO org.springframework.test.web.servlet.TestDispatcherServlet -- Initializing Servlet ''
20:28:23.385 [Test worker] INFO org.springframework.test.web.servlet.TestDispatcherServlet -- Completed initialization in 1 ms
]]></system-out>
  <system-err><![CDATA[]]></system-err>
</testsuite>
