<?xml version="1.0" encoding="UTF-8"?>
<testsuite name="com.bootcamp_2024_2.api_stock.domain.api.usecase.BrandUseCaseTest" tests="4" skipped="0" failures="0" errors="0" timestamp="2024-09-07T00:37:46" hostname="JUANES" time="0.121">
  <properties/>
  <testcase name="whenBrandDoesNotExist_thenSaveBrand()" classname="com.bootcamp_2024_2.api_stock.domain.api.usecase.BrandUseCaseTest" time="0.096"/>
  <testcase name="whenBrandExists_thenThrowException()" classname="com.bootcamp_2024_2.api_stock.domain.api.usecase.BrandUseCaseTest" time="0.009"/>
  <testcase name="Given no brands available, it should return an empty paginated result." classname="com.bootcamp_2024_2.api_stock.domain.api.usecase.BrandUseCaseTest" time="0.005"/>
  <testcase name="Given valid pagination parameters, it should return a paginated list of brands." classname="com.bootcamp_2024_2.api_stock.domain.api.usecase.BrandUseCaseTest" time="0.006"/>
  <system-out><![CDATA[]]></system-out>
  <system-err><![CDATA[]]></system-err>
</testsuite>
