<?xml version="1.0" encoding="UTF-8"?>
<testsuite name="com.bootcamp_2024_2.api_stock.adapters.driving.http.controller.CategoryRestControllerAdapterTest" tests="10" skipped="0" failures="0" errors="0" timestamp="2024-09-11T01:28:23" hostname="JUANES" time="1.064">
  <properties/>
  <testcase name="[1] testCase=com.bootcamp_2024_2.api_stock.testData.RequestCase@7e2bc2f4" classname="com.bootcamp_2024_2.api_stock.adapters.driving.http.controller.CategoryRestControllerAdapterTest" time="0.405"/>
  <testcase name="[2] testCase=com.bootcamp_2024_2.api_stock.testData.RequestCase@6ce9771c" classname="com.bootcamp_2024_2.api_stock.adapters.driving.http.controller.CategoryRestControllerAdapterTest" time="0.094"/>
  <testcase name="[3] testCase=com.bootcamp_2024_2.api_stock.testData.RequestCase@12209826" classname="com.bootcamp_2024_2.api_stock.adapters.driving.http.controller.CategoryRestControllerAdapterTest" time="0.07"/>
  <testcase name="[4] testCase=com.bootcamp_2024_2.api_stock.testData.RequestCase@4a2e1e52" classname="com.bootcamp_2024_2.api_stock.adapters.driving.http.controller.CategoryRestControllerAdapterTest" time="0.069"/>
  <testcase name="[5] testCase=com.bootcamp_2024_2.api_stock.testData.RequestCase@205159dc" classname="com.bootcamp_2024_2.api_stock.adapters.driving.http.controller.CategoryRestControllerAdapterTest" time="0.074"/>
  <testcase name="[6] testCase=com.bootcamp_2024_2.api_stock.testData.RequestCase@53ba1175" classname="com.bootcamp_2024_2.api_stock.adapters.driving.http.controller.CategoryRestControllerAdapterTest" time="0.062"/>
  <testcase name="[7] testCase=com.bootcamp_2024_2.api_stock.testData.RequestCase@26a45089" classname="com.bootcamp_2024_2.api_stock.adapters.driving.http.controller.CategoryRestControllerAdapterTest" time="0.057"/>
  <testcase name="[8] testCase=com.bootcamp_2024_2.api_stock.testData.RequestCase@5aab5b31" classname="com.bootcamp_2024_2.api_stock.adapters.driving.http.controller.CategoryRestControllerAdapterTest" time="0.065"/>
  <testcase name="[9] testCase=com.bootcamp_2024_2.api_stock.testData.RequestCase@5c5c7cc4" classname="com.bootcamp_2024_2.api_stock.adapters.driving.http.controller.CategoryRestControllerAdapterTest" time="0.054"/>
  <testcase name="testGetAllCategories()" classname="com.bootcamp_2024_2.api_stock.adapters.driving.http.controller.CategoryRestControllerAdapterTest" time="0.072"/>
  <system-out><![CDATA[20:28:24.011 [Test worker] INFO org.springframework.mock.web.MockServletContext -- Initializing Spring TestDispatcherServlet ''
20:28:24.012 [Test worker] INFO org.springframework.test.web.servlet.TestDispatcherServlet -- Initializing Servlet ''
20:28:24.013 [Test worker] INFO org.springframework.test.web.servlet.TestDispatcherServlet -- Completed initialization in 1 ms
20:28:24.098 [Test worker] INFO org.springframework.mock.web.MockServletContext -- Initializing Spring TestDispatcherServlet ''
20:28:24.098 [Test worker] INFO org.springframework.test.web.servlet.TestDispatcherServlet -- Initializing Servlet ''
20:28:24.099 [Test worker] INFO org.springframework.test.web.servlet.TestDispatcherServlet -- Completed initialization in 0 ms
20:28:24.143 [Test worker] WARN org.springframework.web.servlet.mvc.support.DefaultHandlerExceptionResolver -- Resolved [org.springframework.web.bind.MethodArgumentNotValidException: Validation failed for argument [0] in public org.springframework.http.ResponseEntity<com.bootcamp_2024_2.api_stock.adapters.driving.http.dto.response.CategoryResponse> com.bootcamp_2024_2.api_stock.adapters.driving.http.controller.CategoryRestControllerAdapter.addCategory(com.bootcamp_2024_2.api_stock.adapters.driving.http.dto.request.AddCategoryRequest) with 2 errors: [Field error in object 'addCategoryRequest' on field 'name': rejected value []; codes [NotBlank.addCategoryRequest.name,NotBlank.name,NotBlank.java.lang.String,NotBlank]; arguments [org.springframework.context.support.DefaultMessageSourceResolvable: codes [addCategoryRequest.name,name]; arguments []; default message [name]]; default message [Field 'name' cannot be null]] [Field error in object 'addCategoryRequest' on field 'name': rejected value []; codes [Size.addCategoryRequest.name,Size.name,Size.java.lang.String,Size]; arguments [org.springframework.context.support.DefaultMessageSourceResolvable: codes [addCategoryRequest.name,name]; arguments []; default message [name],50,2]; default message [The name must be between 2 and 50 characters]] ]
20:28:24.200 [Test worker] INFO org.springframework.mock.web.MockServletContext -- Initializing Spring TestDispatcherServlet ''
20:28:24.200 [Test worker] INFO org.springframework.test.web.servlet.TestDispatcherServlet -- Initializing Servlet ''
20:28:24.202 [Test worker] INFO org.springframework.test.web.servlet.TestDispatcherServlet -- Completed initialization in 1 ms
20:28:24.228 [Test worker] WARN org.springframework.web.servlet.mvc.support.DefaultHandlerExceptionResolver -- Resolved [org.springframework.web.bind.MethodArgumentNotValidException: Validation failed for argument [0] in public org.springframework.http.ResponseEntity<com.bootcamp_2024_2.api_stock.adapters.driving.http.dto.response.CategoryResponse> com.bootcamp_2024_2.api_stock.adapters.driving.http.controller.CategoryRestControllerAdapter.addCategory(com.bootcamp_2024_2.api_stock.adapters.driving.http.dto.request.AddCategoryRequest) with 2 errors: [Field error in object 'addCategoryRequest' on field 'description': rejected value []; codes [Size.addCategoryRequest.description,Size.description,Size.java.lang.String,Size]; arguments [org.springframework.context.support.DefaultMessageSourceResolvable: codes [addCategoryRequest.description,description]; arguments []; default message [description],90,2]; default message [Description must be between 2 and 90 characters]] [Field error in object 'addCategoryRequest' on field 'description': rejected value []; codes [NotBlank.addCategoryRequest.description,NotBlank.description,NotBlank.java.lang.String,NotBlank]; arguments [org.springframework.context.support.DefaultMessageSourceResolvable: codes [addCategoryRequest.description,description]; arguments []; default message [description]]; default message [Field 'description' cannot be null]] ]
20:28:24.267 [Test worker] INFO org.springframework.mock.web.MockServletContext -- Initializing Spring TestDispatcherServlet ''
20:28:24.268 [Test worker] INFO org.springframework.test.web.servlet.TestDispatcherServlet -- Initializing Servlet ''
20:28:24.269 [Test worker] INFO org.springframework.test.web.servlet.TestDispatcherServlet -- Completed initialization in 1 ms
20:28:24.301 [Test worker] WARN org.springframework.web.servlet.mvc.support.DefaultHandlerExceptionResolver -- Resolved [org.springframework.web.bind.MethodArgumentNotValidException: Validation failed for argument [0] in public org.springframework.http.ResponseEntity<com.bootcamp_2024_2.api_stock.adapters.driving.http.dto.response.CategoryResponse> com.bootcamp_2024_2.api_stock.adapters.driving.http.controller.CategoryRestControllerAdapter.addCategory(com.bootcamp_2024_2.api_stock.adapters.driving.http.dto.request.AddCategoryRequest) with 2 errors: [Field error in object 'addCategoryRequest' on field 'name': rejected value [A]; codes [Size.addCategoryRequest.name,Size.name,Size.java.lang.String,Size]; arguments [org.springframework.context.support.DefaultMessageSourceResolvable: codes [addCategoryRequest.name,name]; arguments []; default message [name],50,2]; default message [The name must be between 2 and 50 characters]] [Field error in object 'addCategoryRequest' on field 'description': rejected value [A]; codes [Size.addCategoryRequest.description,Size.description,Size.java.lang.String,Size]; arguments [org.springframework.context.support.DefaultMessageSourceResolvable: codes [addCategoryRequest.description,description]; arguments []; default message [description],90,2]; default message [Description must be between 2 and 90 characters]] ]
20:28:24.349 [Test worker] INFO org.springframework.mock.web.MockServletContext -- Initializing Spring TestDispatcherServlet ''
20:28:24.351 [Test worker] INFO org.springframework.test.web.servlet.TestDispatcherServlet -- Initializing Servlet ''
20:28:24.351 [Test worker] INFO org.springframework.test.web.servlet.TestDispatcherServlet -- Completed initialization in 0 ms
20:28:24.380 [Test worker] WARN org.springframework.web.servlet.mvc.support.DefaultHandlerExceptionResolver -- Resolved [org.springframework.web.bind.MethodArgumentNotValidException: Validation failed for argument [0] in public org.springframework.http.ResponseEntity<com.bootcamp_2024_2.api_stock.adapters.driving.http.dto.response.CategoryResponse> com.bootcamp_2024_2.api_stock.adapters.driving.http.controller.CategoryRestControllerAdapter.addCategory(com.bootcamp_2024_2.api_stock.adapters.driving.http.dto.request.AddCategoryRequest): [Field error in object 'addCategoryRequest' on field 'name': rejected value [Lorem ipsum dolor sit amet, consectetur adipiscing elit. Aenean.]; codes [Size.addCategoryRequest.name,Size.name,Size.java.lang.String,Size]; arguments [org.springframework.context.support.DefaultMessageSourceResolvable: codes [addCategoryRequest.name,name]; arguments []; default message [name],50,2]; default message [The name must be between 2 and 50 characters]] ]
20:28:24.422 [Test worker] INFO org.springframework.mock.web.MockServletContext -- Initializing Spring TestDispatcherServlet ''
20:28:24.423 [Test worker] INFO org.springframework.test.web.servlet.TestDispatcherServlet -- Initializing Servlet ''
20:28:24.424 [Test worker] INFO org.springframework.test.web.servlet.TestDispatcherServlet -- Completed initialization in 1 ms
20:28:24.446 [Test worker] WARN org.springframework.web.servlet.mvc.support.DefaultHandlerExceptionResolver -- Resolved [org.springframework.web.bind.MethodArgumentNotValidException: Validation failed for argument [0] in public org.springframework.http.ResponseEntity<com.bootcamp_2024_2.api_stock.adapters.driving.http.dto.response.CategoryResponse> com.bootcamp_2024_2.api_stock.adapters.driving.http.controller.CategoryRestControllerAdapter.addCategory(com.bootcamp_2024_2.api_stock.adapters.driving.http.dto.request.AddCategoryRequest) with 2 errors: [Field error in object 'addCategoryRequest' on field 'name': rejected value []; codes [Size.addCategoryRequest.name,Size.name,Size.java.lang.String,Size]; arguments [org.springframework.context.support.DefaultMessageSourceResolvable: codes [addCategoryRequest.name,name]; arguments []; default message [name],50,2]; default message [The name must be between 2 and 50 characters]] [Field error in object 'addCategoryRequest' on field 'name': rejected value []; codes [NotBlank.addCategoryRequest.name,NotBlank.name,NotBlank.java.lang.String,NotBlank]; arguments [org.springframework.context.support.DefaultMessageSourceResolvable: codes [addCategoryRequest.name,name]; arguments []; default message [name]]; default message [Field 'name' cannot be null]] ]
20:28:24.484 [Test worker] INFO org.springframework.mock.web.MockServletContext -- Initializing Spring TestDispatcherServlet ''
20:28:24.485 [Test worker] INFO org.springframework.test.web.servlet.TestDispatcherServlet -- Initializing Servlet ''
20:28:24.486 [Test worker] INFO org.springframework.test.web.servlet.TestDispatcherServlet -- Completed initialization in 1 ms
20:28:24.508 [Test worker] WARN org.springframework.web.servlet.mvc.support.DefaultHandlerExceptionResolver -- Resolved [org.springframework.web.bind.MethodArgumentNotValidException: Validation failed for argument [0] in public org.springframework.http.ResponseEntity<com.bootcamp_2024_2.api_stock.adapters.driving.http.dto.response.CategoryResponse> com.bootcamp_2024_2.api_stock.adapters.driving.http.controller.CategoryRestControllerAdapter.addCategory(com.bootcamp_2024_2.api_stock.adapters.driving.http.dto.request.AddCategoryRequest) with 2 errors: [Field error in object 'addCategoryRequest' on field 'description': rejected value []; codes [NotBlank.addCategoryRequest.description,NotBlank.description,NotBlank.java.lang.String,NotBlank]; arguments [org.springframework.context.support.DefaultMessageSourceResolvable: codes [addCategoryRequest.description,description]; arguments []; default message [description]]; default message [Field 'description' cannot be null]] [Field error in object 'addCategoryRequest' on field 'description': rejected value []; codes [Size.addCategoryRequest.description,Size.description,Size.java.lang.String,Size]; arguments [org.springframework.context.support.DefaultMessageSourceResolvable: codes [addCategoryRequest.description,description]; arguments []; default message [description],90,2]; default message [Description must be between 2 and 90 characters]] ]
20:28:24.550 [Test worker] INFO org.springframework.mock.web.MockServletContext -- Initializing Spring TestDispatcherServlet ''
20:28:24.551 [Test worker] INFO org.springframework.test.web.servlet.TestDispatcherServlet -- Initializing Servlet ''
20:28:24.553 [Test worker] INFO org.springframework.test.web.servlet.TestDispatcherServlet -- Completed initialization in 1 ms
20:28:24.577 [Test worker] WARN org.springframework.web.servlet.mvc.support.DefaultHandlerExceptionResolver -- Resolved [org.springframework.web.bind.MethodArgumentNotValidException: Validation failed for argument [0] in public org.springframework.http.ResponseEntity<com.bootcamp_2024_2.api_stock.adapters.driving.http.dto.response.CategoryResponse> com.bootcamp_2024_2.api_stock.adapters.driving.http.controller.CategoryRestControllerAdapter.addCategory(com.bootcamp_2024_2.api_stock.adapters.driving.http.dto.request.AddCategoryRequest) with 2 errors: [Field error in object 'addCategoryRequest' on field 'description': rejected value [A]; codes [Size.addCategoryRequest.description,Size.description,Size.java.lang.String,Size]; arguments [org.springframework.context.support.DefaultMessageSourceResolvable: codes [addCategoryRequest.description,description]; arguments []; default message [description],90,2]; default message [Description must be between 2 and 90 characters]] [Field error in object 'addCategoryRequest' on field 'name': rejected value [A]; codes [Size.addCategoryRequest.name,Size.name,Size.java.lang.String,Size]; arguments [org.springframework.context.support.DefaultMessageSourceResolvable: codes [addCategoryRequest.name,name]; arguments []; default message [name],50,2]; default message [The name must be between 2 and 50 characters]] ]
20:28:24.606 [Test worker] INFO org.springframework.mock.web.MockServletContext -- Initializing Spring TestDispatcherServlet ''
20:28:24.606 [Test worker] INFO org.springframework.test.web.servlet.TestDispatcherServlet -- Initializing Servlet ''
20:28:24.608 [Test worker] INFO org.springframework.test.web.servlet.TestDispatcherServlet -- Completed initialization in 1 ms
20:28:24.633 [Test worker] WARN org.springframework.web.servlet.mvc.support.DefaultHandlerExceptionResolver -- Resolved [org.springframework.web.bind.MethodArgumentNotValidException: Validation failed for argument [0] in public org.springframework.http.ResponseEntity<com.bootcamp_2024_2.api_stock.adapters.driving.http.dto.response.CategoryResponse> com.bootcamp_2024_2.api_stock.adapters.driving.http.controller.CategoryRestControllerAdapter.addCategory(com.bootcamp_2024_2.api_stock.adapters.driving.http.dto.request.AddCategoryRequest): [Field error in object 'addCategoryRequest' on field 'name': rejected value [Lorem ipsum dolor sit amet, consectetur adipiscing elit. Aenean.]; codes [Size.addCategoryRequest.name,Size.name,Size.java.lang.String,Size]; arguments [org.springframework.context.support.DefaultMessageSourceResolvable: codes [addCategoryRequest.name,name]; arguments []; default message [name],50,2]; default message [The name must be between 2 and 50 characters]] ]
20:28:24.671 [Test worker] INFO org.springframework.mock.web.MockServletContext -- Initializing Spring TestDispatcherServlet ''
20:28:24.672 [Test worker] INFO org.springframework.test.web.servlet.TestDispatcherServlet -- Initializing Servlet ''
20:28:24.673 [Test worker] INFO org.springframework.test.web.servlet.TestDispatcherServlet -- Completed initialization in 0 ms
]]></system-out>
  <system-err><![CDATA[]]></system-err>
</testsuite>
