<?xml version="1.0" encoding="UTF-8"?>
<testsuite name="com.bootcamp_2024_2.api_stock.domain.api.usecase.BrandUseCaseTest" tests="1" skipped="0" failures="0" errors="0" timestamp="2024-08-26T03:47:15" hostname="JUANES" time="0.089">
  <properties/>
  <testcase name="Given a brand, it must be inserted into the database." classname="com.bootcamp_2024_2.api_stock.domain.api.usecase.BrandUseCaseTest" time="0.089"/>
  <system-out><![CDATA[]]></system-out>
  <system-err><![CDATA[]]></system-err>
</testsuite>
