<?xml version="1.0" encoding="UTF-8"?>
<testsuite name="com.bootcamp_2024_2.api_stock.adapters.driving.http.controller.CategoryRestControllerAdapterTest" tests="10" skipped="0" failures="0" errors="0" timestamp="2024-09-08T03:22:39" hostname="JUANES" time="0.757">
  <properties/>
  <testcase name="[1] testCase=com.bootcamp_2024_2.api_stock.testData.RequestCase@7e2bc2f4" classname="com.bootcamp_2024_2.api_stock.adapters.driving.http.controller.CategoryRestControllerAdapterTest" time="0.3"/>
  <testcase name="[2] testCase=com.bootcamp_2024_2.api_stock.testData.RequestCase@6ce9771c" classname="com.bootcamp_2024_2.api_stock.adapters.driving.http.controller.CategoryRestControllerAdapterTest" time="0.063"/>
  <testcase name="[3] testCase=com.bootcamp_2024_2.api_stock.testData.RequestCase@12209826" classname="com.bootcamp_2024_2.api_stock.adapters.driving.http.controller.CategoryRestControllerAdapterTest" time="0.081"/>
  <testcase name="[4] testCase=com.bootcamp_2024_2.api_stock.testData.RequestCase@4a2e1e52" classname="com.bootcamp_2024_2.api_stock.adapters.driving.http.controller.CategoryRestControllerAdapterTest" time="0.053"/>
  <testcase name="[5] testCase=com.bootcamp_2024_2.api_stock.testData.RequestCase@205159dc" classname="com.bootcamp_2024_2.api_stock.adapters.driving.http.controller.CategoryRestControllerAdapterTest" time="0.051"/>
  <testcase name="[6] testCase=com.bootcamp_2024_2.api_stock.testData.RequestCase@53ba1175" classname="com.bootcamp_2024_2.api_stock.adapters.driving.http.controller.CategoryRestControllerAdapterTest" time="0.042"/>
  <testcase name="[7] testCase=com.bootcamp_2024_2.api_stock.testData.RequestCase@26a45089" classname="com.bootcamp_2024_2.api_stock.adapters.driving.http.controller.CategoryRestControllerAdapterTest" time="0.03"/>
  <testcase name="[8] testCase=com.bootcamp_2024_2.api_stock.testData.RequestCase@5aab5b31" classname="com.bootcamp_2024_2.api_stock.adapters.driving.http.controller.CategoryRestControllerAdapterTest" time="0.049"/>
  <testcase name="[9] testCase=com.bootcamp_2024_2.api_stock.testData.RequestCase@5c5c7cc4" classname="com.bootcamp_2024_2.api_stock.adapters.driving.http.controller.CategoryRestControllerAdapterTest" time="0.026"/>
  <testcase name="testGetAllCategories()" classname="com.bootcamp_2024_2.api_stock.adapters.driving.http.controller.CategoryRestControllerAdapterTest" time="0.033"/>
  <system-out><![CDATA[22:22:39.442 [Test worker] INFO org.springframework.mock.web.MockServletContext -- Initializing Spring TestDispatcherServlet ''
22:22:39.442 [Test worker] INFO org.springframework.test.web.servlet.TestDispatcherServlet -- Initializing Servlet ''
22:22:39.443 [Test worker] INFO org.springframework.test.web.servlet.TestDispatcherServlet -- Completed initialization in 1 ms
22:22:39.524 [Test worker] INFO org.springframework.mock.web.MockServletContext -- Initializing Spring TestDispatcherServlet ''
22:22:39.525 [Test worker] INFO org.springframework.test.web.servlet.TestDispatcherServlet -- Initializing Servlet ''
22:22:39.527 [Test worker] INFO org.springframework.test.web.servlet.TestDispatcherServlet -- Completed initialization in 0 ms
22:22:39.550 [Test worker] WARN org.springframework.web.servlet.mvc.support.DefaultHandlerExceptionResolver -- Resolved [org.springframework.web.bind.MethodArgumentNotValidException: Validation failed for argument [0] in public org.springframework.http.ResponseEntity<com.bootcamp_2024_2.api_stock.adapters.driving.http.dto.response.CategoryResponse> com.bootcamp_2024_2.api_stock.adapters.driving.http.controller.CategoryRestControllerAdapter.addCategory(com.bootcamp_2024_2.api_stock.adapters.driving.http.dto.request.AddCategoryRequest) with 2 errors: [Field error in object 'addCategoryRequest' on field 'name': rejected value []; codes [NotBlank.addCategoryRequest.name,NotBlank.name,NotBlank.java.lang.String,NotBlank]; arguments [org.springframework.context.support.DefaultMessageSourceResolvable: codes [addCategoryRequest.name,name]; arguments []; default message [name]]; default message [Field 'name' cannot be null]] [Field error in object 'addCategoryRequest' on field 'name': rejected value []; codes [Size.addCategoryRequest.name,Size.name,Size.java.lang.String,Size]; arguments [org.springframework.context.support.DefaultMessageSourceResolvable: codes [addCategoryRequest.name,name]; arguments []; default message [name],50,2]; default message [The name must be between 2 and 50 characters]] ]
22:22:39.606 [Test worker] INFO org.springframework.mock.web.MockServletContext -- Initializing Spring TestDispatcherServlet ''
22:22:39.608 [Test worker] INFO org.springframework.test.web.servlet.TestDispatcherServlet -- Initializing Servlet ''
22:22:39.609 [Test worker] INFO org.springframework.test.web.servlet.TestDispatcherServlet -- Completed initialization in 1 ms
22:22:39.634 [Test worker] WARN org.springframework.web.servlet.mvc.support.DefaultHandlerExceptionResolver -- Resolved [org.springframework.web.bind.MethodArgumentNotValidException: Validation failed for argument [0] in public org.springframework.http.ResponseEntity<com.bootcamp_2024_2.api_stock.adapters.driving.http.dto.response.CategoryResponse> com.bootcamp_2024_2.api_stock.adapters.driving.http.controller.CategoryRestControllerAdapter.addCategory(com.bootcamp_2024_2.api_stock.adapters.driving.http.dto.request.AddCategoryRequest) with 2 errors: [Field error in object 'addCategoryRequest' on field 'description': rejected value []; codes [Size.addCategoryRequest.description,Size.description,Size.java.lang.String,Size]; arguments [org.springframework.context.support.DefaultMessageSourceResolvable: codes [addCategoryRequest.description,description]; arguments []; default message [description],90,2]; default message [Description must be between 2 and 90 characters]] [Field error in object 'addCategoryRequest' on field 'description': rejected value []; codes [NotBlank.addCategoryRequest.description,NotBlank.description,NotBlank.java.lang.String,NotBlank]; arguments [org.springframework.context.support.DefaultMessageSourceResolvable: codes [addCategoryRequest.description,description]; arguments []; default message [description]]; default message [Field 'description' cannot be null]] ]
22:22:39.669 [Test worker] INFO org.springframework.mock.web.MockServletContext -- Initializing Spring TestDispatcherServlet ''
22:22:39.669 [Test worker] INFO org.springframework.test.web.servlet.TestDispatcherServlet -- Initializing Servlet ''
22:22:39.670 [Test worker] INFO org.springframework.test.web.servlet.TestDispatcherServlet -- Completed initialization in 0 ms
22:22:39.691 [Test worker] WARN org.springframework.web.servlet.mvc.support.DefaultHandlerExceptionResolver -- Resolved [org.springframework.web.bind.MethodArgumentNotValidException: Validation failed for argument [0] in public org.springframework.http.ResponseEntity<com.bootcamp_2024_2.api_stock.adapters.driving.http.dto.response.CategoryResponse> com.bootcamp_2024_2.api_stock.adapters.driving.http.controller.CategoryRestControllerAdapter.addCategory(com.bootcamp_2024_2.api_stock.adapters.driving.http.dto.request.AddCategoryRequest) with 2 errors: [Field error in object 'addCategoryRequest' on field 'name': rejected value [A]; codes [Size.addCategoryRequest.name,Size.name,Size.java.lang.String,Size]; arguments [org.springframework.context.support.DefaultMessageSourceResolvable: codes [addCategoryRequest.name,name]; arguments []; default message [name],50,2]; default message [The name must be between 2 and 50 characters]] [Field error in object 'addCategoryRequest' on field 'description': rejected value [A]; codes [Size.addCategoryRequest.description,Size.description,Size.java.lang.String,Size]; arguments [org.springframework.context.support.DefaultMessageSourceResolvable: codes [addCategoryRequest.description,description]; arguments []; default message [description],90,2]; default message [Description must be between 2 and 90 characters]] ]
22:22:39.722 [Test worker] INFO org.springframework.mock.web.MockServletContext -- Initializing Spring TestDispatcherServlet ''
22:22:39.722 [Test worker] INFO org.springframework.test.web.servlet.TestDispatcherServlet -- Initializing Servlet ''
22:22:39.723 [Test worker] INFO org.springframework.test.web.servlet.TestDispatcherServlet -- Completed initialization in 1 ms
22:22:39.742 [Test worker] WARN org.springframework.web.servlet.mvc.support.DefaultHandlerExceptionResolver -- Resolved [org.springframework.web.bind.MethodArgumentNotValidException: Validation failed for argument [0] in public org.springframework.http.ResponseEntity<com.bootcamp_2024_2.api_stock.adapters.driving.http.dto.response.CategoryResponse> com.bootcamp_2024_2.api_stock.adapters.driving.http.controller.CategoryRestControllerAdapter.addCategory(com.bootcamp_2024_2.api_stock.adapters.driving.http.dto.request.AddCategoryRequest): [Field error in object 'addCategoryRequest' on field 'name': rejected value [Lorem ipsum dolor sit amet, consectetur adipiscing elit. Aenean.]; codes [Size.addCategoryRequest.name,Size.name,Size.java.lang.String,Size]; arguments [org.springframework.context.support.DefaultMessageSourceResolvable: codes [addCategoryRequest.name,name]; arguments []; default message [name],50,2]; default message [The name must be between 2 and 50 characters]] ]
22:22:39.775 [Test worker] INFO org.springframework.mock.web.MockServletContext -- Initializing Spring TestDispatcherServlet ''
22:22:39.775 [Test worker] INFO org.springframework.test.web.servlet.TestDispatcherServlet -- Initializing Servlet ''
22:22:39.775 [Test worker] INFO org.springframework.test.web.servlet.TestDispatcherServlet -- Completed initialization in 0 ms
22:22:39.792 [Test worker] WARN org.springframework.web.servlet.mvc.support.DefaultHandlerExceptionResolver -- Resolved [org.springframework.web.bind.MethodArgumentNotValidException: Validation failed for argument [0] in public org.springframework.http.ResponseEntity<com.bootcamp_2024_2.api_stock.adapters.driving.http.dto.response.CategoryResponse> com.bootcamp_2024_2.api_stock.adapters.driving.http.controller.CategoryRestControllerAdapter.addCategory(com.bootcamp_2024_2.api_stock.adapters.driving.http.dto.request.AddCategoryRequest) with 2 errors: [Field error in object 'addCategoryRequest' on field 'name': rejected value []; codes [Size.addCategoryRequest.name,Size.name,Size.java.lang.String,Size]; arguments [org.springframework.context.support.DefaultMessageSourceResolvable: codes [addCategoryRequest.name,name]; arguments []; default message [name],50,2]; default message [The name must be between 2 and 50 characters]] [Field error in object 'addCategoryRequest' on field 'name': rejected value []; codes [NotBlank.addCategoryRequest.name,NotBlank.name,NotBlank.java.lang.String,NotBlank]; arguments [org.springframework.context.support.DefaultMessageSourceResolvable: codes [addCategoryRequest.name,name]; arguments []; default message [name]]; default message [Field 'name' cannot be null]] ]
22:22:39.810 [Test worker] INFO org.springframework.mock.web.MockServletContext -- Initializing Spring TestDispatcherServlet ''
22:22:39.810 [Test worker] INFO org.springframework.test.web.servlet.TestDispatcherServlet -- Initializing Servlet ''
22:22:39.811 [Test worker] INFO org.springframework.test.web.servlet.TestDispatcherServlet -- Completed initialization in 1 ms
22:22:39.824 [Test worker] WARN org.springframework.web.servlet.mvc.support.DefaultHandlerExceptionResolver -- Resolved [org.springframework.web.bind.MethodArgumentNotValidException: Validation failed for argument [0] in public org.springframework.http.ResponseEntity<com.bootcamp_2024_2.api_stock.adapters.driving.http.dto.response.CategoryResponse> com.bootcamp_2024_2.api_stock.adapters.driving.http.controller.CategoryRestControllerAdapter.addCategory(com.bootcamp_2024_2.api_stock.adapters.driving.http.dto.request.AddCategoryRequest) with 2 errors: [Field error in object 'addCategoryRequest' on field 'description': rejected value []; codes [NotBlank.addCategoryRequest.description,NotBlank.description,NotBlank.java.lang.String,NotBlank]; arguments [org.springframework.context.support.DefaultMessageSourceResolvable: codes [addCategoryRequest.description,description]; arguments []; default message [description]]; default message [Field 'description' cannot be null]] [Field error in object 'addCategoryRequest' on field 'description': rejected value []; codes [Size.addCategoryRequest.description,Size.description,Size.java.lang.String,Size]; arguments [org.springframework.context.support.DefaultMessageSourceResolvable: codes [addCategoryRequest.description,description]; arguments []; default message [description],90,2]; default message [Description must be between 2 and 90 characters]] ]
22:22:39.847 [Test worker] INFO org.springframework.mock.web.MockServletContext -- Initializing Spring TestDispatcherServlet ''
22:22:39.848 [Test worker] INFO org.springframework.test.web.servlet.TestDispatcherServlet -- Initializing Servlet ''
22:22:39.850 [Test worker] INFO org.springframework.test.web.servlet.TestDispatcherServlet -- Completed initialization in 2 ms
22:22:39.874 [Test worker] WARN org.springframework.web.servlet.mvc.support.DefaultHandlerExceptionResolver -- Resolved [org.springframework.web.bind.MethodArgumentNotValidException: Validation failed for argument [0] in public org.springframework.http.ResponseEntity<com.bootcamp_2024_2.api_stock.adapters.driving.http.dto.response.CategoryResponse> com.bootcamp_2024_2.api_stock.adapters.driving.http.controller.CategoryRestControllerAdapter.addCategory(com.bootcamp_2024_2.api_stock.adapters.driving.http.dto.request.AddCategoryRequest) with 2 errors: [Field error in object 'addCategoryRequest' on field 'description': rejected value [A]; codes [Size.addCategoryRequest.description,Size.description,Size.java.lang.String,Size]; arguments [org.springframework.context.support.DefaultMessageSourceResolvable: codes [addCategoryRequest.description,description]; arguments []; default message [description],90,2]; default message [Description must be between 2 and 90 characters]] [Field error in object 'addCategoryRequest' on field 'name': rejected value [A]; codes [Size.addCategoryRequest.name,Size.name,Size.java.lang.String,Size]; arguments [org.springframework.context.support.DefaultMessageSourceResolvable: codes [addCategoryRequest.name,name]; arguments []; default message [name],50,2]; default message [The name must be between 2 and 50 characters]] ]
22:22:39.890 [Test worker] INFO org.springframework.mock.web.MockServletContext -- Initializing Spring TestDispatcherServlet ''
22:22:39.890 [Test worker] INFO org.springframework.test.web.servlet.TestDispatcherServlet -- Initializing Servlet ''
22:22:39.890 [Test worker] INFO org.springframework.test.web.servlet.TestDispatcherServlet -- Completed initialization in 0 ms
22:22:39.903 [Test worker] WARN org.springframework.web.servlet.mvc.support.DefaultHandlerExceptionResolver -- Resolved [org.springframework.web.bind.MethodArgumentNotValidException: Validation failed for argument [0] in public org.springframework.http.ResponseEntity<com.bootcamp_2024_2.api_stock.adapters.driving.http.dto.response.CategoryResponse> com.bootcamp_2024_2.api_stock.adapters.driving.http.controller.CategoryRestControllerAdapter.addCategory(com.bootcamp_2024_2.api_stock.adapters.driving.http.dto.request.AddCategoryRequest): [Field error in object 'addCategoryRequest' on field 'name': rejected value [Lorem ipsum dolor sit amet, consectetur adipiscing elit. Aenean.]; codes [Size.addCategoryRequest.name,Size.name,Size.java.lang.String,Size]; arguments [org.springframework.context.support.DefaultMessageSourceResolvable: codes [addCategoryRequest.name,name]; arguments []; default message [name],50,2]; default message [The name must be between 2 and 50 characters]] ]
22:22:39.923 [Test worker] INFO org.springframework.mock.web.MockServletContext -- Initializing Spring TestDispatcherServlet ''
22:22:39.923 [Test worker] INFO org.springframework.test.web.servlet.TestDispatcherServlet -- Initializing Servlet ''
22:22:39.924 [Test worker] INFO org.springframework.test.web.servlet.TestDispatcherServlet -- Completed initialization in 0 ms
]]></system-out>
  <system-err><![CDATA[]]></system-err>
</testsuite>
