<?xml version="1.0" encoding="UTF-8"?>
<testsuite name="com.bootcamp_2024_2.api_stock.adapters.driving.http.controller.CategoryRestControllerAdapterTest" tests="9" skipped="0" failures="0" errors="0" timestamp="2024-08-18T22:34:35" hostname="JUANES" time="6.286">
  <properties/>
  <testcase name="[1] testCase=com.bootcamp_2024_2.api_stock.testData.RequestCase@5be49b60" classname="com.bootcamp_2024_2.api_stock.adapters.driving.http.controller.CategoryRestControllerAdapterTest" time="5.712"/>
  <testcase name="[2] testCase=com.bootcamp_2024_2.api_stock.testData.RequestCase@19526f1d" classname="com.bootcamp_2024_2.api_stock.adapters.driving.http.controller.CategoryRestControllerAdapterTest" time="0.146"/>
  <testcase name="[3] testCase=com.bootcamp_2024_2.api_stock.testData.RequestCase@9263c54" classname="com.bootcamp_2024_2.api_stock.adapters.driving.http.controller.CategoryRestControllerAdapterTest" time="0.058"/>
  <testcase name="[4] testCase=com.bootcamp_2024_2.api_stock.testData.RequestCase@5a4464c5" classname="com.bootcamp_2024_2.api_stock.adapters.driving.http.controller.CategoryRestControllerAdapterTest" time="0.06"/>
  <testcase name="[5] testCase=com.bootcamp_2024_2.api_stock.testData.RequestCase@3af236d0" classname="com.bootcamp_2024_2.api_stock.adapters.driving.http.controller.CategoryRestControllerAdapterTest" time="0.067"/>
  <testcase name="[6] testCase=com.bootcamp_2024_2.api_stock.testData.RequestCase@714e861f" classname="com.bootcamp_2024_2.api_stock.adapters.driving.http.controller.CategoryRestControllerAdapterTest" time="0.049"/>
  <testcase name="[7] testCase=com.bootcamp_2024_2.api_stock.testData.RequestCase@4bf4680c" classname="com.bootcamp_2024_2.api_stock.adapters.driving.http.controller.CategoryRestControllerAdapterTest" time="0.052"/>
  <testcase name="[8] testCase=com.bootcamp_2024_2.api_stock.testData.RequestCase@504497fa" classname="com.bootcamp_2024_2.api_stock.adapters.driving.http.controller.CategoryRestControllerAdapterTest" time="0.055"/>
  <testcase name="[9] testCase=com.bootcamp_2024_2.api_stock.testData.RequestCase@76d0ecd7" classname="com.bootcamp_2024_2.api_stock.adapters.driving.http.controller.CategoryRestControllerAdapterTest" time="0.04"/>
  <system-out><![CDATA[17:34:38.947 [Test worker] INFO org.hibernate.validator.internal.util.Version -- HV000001: Hibernate Validator 8.0.1.Final
17:34:40.599 [Test worker] INFO org.springframework.mock.web.MockServletContext -- Initializing Spring TestDispatcherServlet ''
17:34:40.600 [Test worker] INFO org.springframework.test.web.servlet.TestDispatcherServlet -- Initializing Servlet ''
17:34:40.611 [Test worker] INFO org.springframework.test.web.servlet.TestDispatcherServlet -- Completed initialization in 8 ms
17:34:41.401 [Test worker] INFO org.springframework.mock.web.MockServletContext -- Initializing Spring TestDispatcherServlet ''
17:34:41.401 [Test worker] INFO org.springframework.test.web.servlet.TestDispatcherServlet -- Initializing Servlet ''
17:34:41.402 [Test worker] INFO org.springframework.test.web.servlet.TestDispatcherServlet -- Completed initialization in 1 ms
17:34:41.506 [Test worker] WARN org.springframework.web.servlet.mvc.support.DefaultHandlerExceptionResolver -- Resolved [org.springframework.web.bind.MethodArgumentNotValidException: Validation failed for argument [0] in public org.springframework.http.ResponseEntity<java.lang.String> com.bootcamp_2024_2.api_stock.adapters.driving.http.controller.CategoryRestControllerAdapter.addCategory(com.bootcamp_2024_2.api_stock.adapters.driving.http.dto.request.AddCategoryRequest) with 2 errors: [Field error in object 'addCategoryRequest' on field 'name': rejected value []; codes [Size.addCategoryRequest.name,Size.name,Size.java.lang.String,Size]; arguments [org.springframework.context.support.DefaultMessageSourceResolvable: codes [addCategoryRequest.name,name]; arguments []; default message [name],50,2]; default message [The name must be between 2 and 50 characters]] [Field error in object 'addCategoryRequest' on field 'name': rejected value []; codes [NotBlank.addCategoryRequest.name,NotBlank.name,NotBlank.java.lang.String,NotBlank]; arguments [org.springframework.context.support.DefaultMessageSourceResolvable: codes [addCategoryRequest.name,name]; arguments []; default message [name]]; default message [Field 'name' cannot be null]] ]
17:34:41.544 [Test worker] INFO org.springframework.mock.web.MockServletContext -- Initializing Spring TestDispatcherServlet ''
17:34:41.544 [Test worker] INFO org.springframework.test.web.servlet.TestDispatcherServlet -- Initializing Servlet ''
17:34:41.546 [Test worker] INFO org.springframework.test.web.servlet.TestDispatcherServlet -- Completed initialization in 1 ms
17:34:41.575 [Test worker] WARN org.springframework.web.servlet.mvc.support.DefaultHandlerExceptionResolver -- Resolved [org.springframework.web.bind.MethodArgumentNotValidException: Validation failed for argument [0] in public org.springframework.http.ResponseEntity<java.lang.String> com.bootcamp_2024_2.api_stock.adapters.driving.http.controller.CategoryRestControllerAdapter.addCategory(com.bootcamp_2024_2.api_stock.adapters.driving.http.dto.request.AddCategoryRequest) with 2 errors: [Field error in object 'addCategoryRequest' on field 'description': rejected value []; codes [NotBlank.addCategoryRequest.description,NotBlank.description,NotBlank.java.lang.String,NotBlank]; arguments [org.springframework.context.support.DefaultMessageSourceResolvable: codes [addCategoryRequest.description,description]; arguments []; default message [description]]; default message [Field 'description' cannot be null]] [Field error in object 'addCategoryRequest' on field 'description': rejected value []; codes [Size.addCategoryRequest.description,Size.description,Size.java.lang.String,Size]; arguments [org.springframework.context.support.DefaultMessageSourceResolvable: codes [addCategoryRequest.description,description]; arguments []; default message [description],90,2]; default message [Description must be between 2 and 90 characters]] ]
17:34:41.612 [Test worker] INFO org.springframework.mock.web.MockServletContext -- Initializing Spring TestDispatcherServlet ''
17:34:41.612 [Test worker] INFO org.springframework.test.web.servlet.TestDispatcherServlet -- Initializing Servlet ''
17:34:41.613 [Test worker] INFO org.springframework.test.web.servlet.TestDispatcherServlet -- Completed initialization in 1 ms
17:34:41.639 [Test worker] WARN org.springframework.web.servlet.mvc.support.DefaultHandlerExceptionResolver -- Resolved [org.springframework.web.bind.MethodArgumentNotValidException: Validation failed for argument [0] in public org.springframework.http.ResponseEntity<java.lang.String> com.bootcamp_2024_2.api_stock.adapters.driving.http.controller.CategoryRestControllerAdapter.addCategory(com.bootcamp_2024_2.api_stock.adapters.driving.http.dto.request.AddCategoryRequest) with 2 errors: [Field error in object 'addCategoryRequest' on field 'name': rejected value [A]; codes [Size.addCategoryRequest.name,Size.name,Size.java.lang.String,Size]; arguments [org.springframework.context.support.DefaultMessageSourceResolvable: codes [addCategoryRequest.name,name]; arguments []; default message [name],50,2]; default message [The name must be between 2 and 50 characters]] [Field error in object 'addCategoryRequest' on field 'description': rejected value [A]; codes [Size.addCategoryRequest.description,Size.description,Size.java.lang.String,Size]; arguments [org.springframework.context.support.DefaultMessageSourceResolvable: codes [addCategoryRequest.description,description]; arguments []; default message [description],90,2]; default message [Description must be between 2 and 90 characters]] ]
17:34:41.675 [Test worker] INFO org.springframework.mock.web.MockServletContext -- Initializing Spring TestDispatcherServlet ''
17:34:41.675 [Test worker] INFO org.springframework.test.web.servlet.TestDispatcherServlet -- Initializing Servlet ''
17:34:41.676 [Test worker] INFO org.springframework.test.web.servlet.TestDispatcherServlet -- Completed initialization in 0 ms
17:34:41.714 [Test worker] WARN org.springframework.web.servlet.mvc.support.DefaultHandlerExceptionResolver -- Resolved [org.springframework.web.bind.MethodArgumentNotValidException: Validation failed for argument [0] in public org.springframework.http.ResponseEntity<java.lang.String> com.bootcamp_2024_2.api_stock.adapters.driving.http.controller.CategoryRestControllerAdapter.addCategory(com.bootcamp_2024_2.api_stock.adapters.driving.http.dto.request.AddCategoryRequest): [Field error in object 'addCategoryRequest' on field 'name': rejected value [Lorem ipsum dolor sit amet, consectetur adipiscing elit. Aenean.]; codes [Size.addCategoryRequest.name,Size.name,Size.java.lang.String,Size]; arguments [org.springframework.context.support.DefaultMessageSourceResolvable: codes [addCategoryRequest.name,name]; arguments []; default message [name],50,2]; default message [The name must be between 2 and 50 characters]] ]
17:34:41.751 [Test worker] INFO org.springframework.mock.web.MockServletContext -- Initializing Spring TestDispatcherServlet ''
17:34:41.751 [Test worker] INFO org.springframework.test.web.servlet.TestDispatcherServlet -- Initializing Servlet ''
17:34:41.752 [Test worker] INFO org.springframework.test.web.servlet.TestDispatcherServlet -- Completed initialization in 0 ms
17:34:41.773 [Test worker] WARN org.springframework.web.servlet.mvc.support.DefaultHandlerExceptionResolver -- Resolved [org.springframework.web.bind.MethodArgumentNotValidException: Validation failed for argument [0] in public org.springframework.http.ResponseEntity<java.lang.String> com.bootcamp_2024_2.api_stock.adapters.driving.http.controller.CategoryRestControllerAdapter.addCategory(com.bootcamp_2024_2.api_stock.adapters.driving.http.dto.request.AddCategoryRequest) with 2 errors: [Field error in object 'addCategoryRequest' on field 'name': rejected value []; codes [NotBlank.addCategoryRequest.name,NotBlank.name,NotBlank.java.lang.String,NotBlank]; arguments [org.springframework.context.support.DefaultMessageSourceResolvable: codes [addCategoryRequest.name,name]; arguments []; default message [name]]; default message [Field 'name' cannot be null]] [Field error in object 'addCategoryRequest' on field 'name': rejected value []; codes [Size.addCategoryRequest.name,Size.name,Size.java.lang.String,Size]; arguments [org.springframework.context.support.DefaultMessageSourceResolvable: codes [addCategoryRequest.name,name]; arguments []; default message [name],50,2]; default message [The name must be between 2 and 50 characters]] ]
17:34:41.807 [Test worker] INFO org.springframework.mock.web.MockServletContext -- Initializing Spring TestDispatcherServlet ''
17:34:41.808 [Test worker] INFO org.springframework.test.web.servlet.TestDispatcherServlet -- Initializing Servlet ''
17:34:41.809 [Test worker] INFO org.springframework.test.web.servlet.TestDispatcherServlet -- Completed initialization in 1 ms
17:34:41.829 [Test worker] WARN org.springframework.web.servlet.mvc.support.DefaultHandlerExceptionResolver -- Resolved [org.springframework.web.bind.MethodArgumentNotValidException: Validation failed for argument [0] in public org.springframework.http.ResponseEntity<java.lang.String> com.bootcamp_2024_2.api_stock.adapters.driving.http.controller.CategoryRestControllerAdapter.addCategory(com.bootcamp_2024_2.api_stock.adapters.driving.http.dto.request.AddCategoryRequest) with 2 errors: [Field error in object 'addCategoryRequest' on field 'description': rejected value []; codes [NotBlank.addCategoryRequest.description,NotBlank.description,NotBlank.java.lang.String,NotBlank]; arguments [org.springframework.context.support.DefaultMessageSourceResolvable: codes [addCategoryRequest.description,description]; arguments []; default message [description]]; default message [Field 'description' cannot be null]] [Field error in object 'addCategoryRequest' on field 'description': rejected value []; codes [Size.addCategoryRequest.description,Size.description,Size.java.lang.String,Size]; arguments [org.springframework.context.support.DefaultMessageSourceResolvable: codes [addCategoryRequest.description,description]; arguments []; default message [description],90,2]; default message [Description must be between 2 and 90 characters]] ]
17:34:41.863 [Test worker] INFO org.springframework.mock.web.MockServletContext -- Initializing Spring TestDispatcherServlet ''
17:34:41.863 [Test worker] INFO org.springframework.test.web.servlet.TestDispatcherServlet -- Initializing Servlet ''
17:34:41.864 [Test worker] INFO org.springframework.test.web.servlet.TestDispatcherServlet -- Completed initialization in 1 ms
17:34:41.888 [Test worker] WARN org.springframework.web.servlet.mvc.support.DefaultHandlerExceptionResolver -- Resolved [org.springframework.web.bind.MethodArgumentNotValidException: Validation failed for argument [0] in public org.springframework.http.ResponseEntity<java.lang.String> com.bootcamp_2024_2.api_stock.adapters.driving.http.controller.CategoryRestControllerAdapter.addCategory(com.bootcamp_2024_2.api_stock.adapters.driving.http.dto.request.AddCategoryRequest) with 2 errors: [Field error in object 'addCategoryRequest' on field 'name': rejected value [A]; codes [Size.addCategoryRequest.name,Size.name,Size.java.lang.String,Size]; arguments [org.springframework.context.support.DefaultMessageSourceResolvable: codes [addCategoryRequest.name,name]; arguments []; default message [name],50,2]; default message [The name must be between 2 and 50 characters]] [Field error in object 'addCategoryRequest' on field 'description': rejected value [A]; codes [Size.addCategoryRequest.description,Size.description,Size.java.lang.String,Size]; arguments [org.springframework.context.support.DefaultMessageSourceResolvable: codes [addCategoryRequest.description,description]; arguments []; default message [description],90,2]; default message [Description must be between 2 and 90 characters]] ]
17:34:41.916 [Test worker] INFO org.springframework.mock.web.MockServletContext -- Initializing Spring TestDispatcherServlet ''
17:34:41.916 [Test worker] INFO org.springframework.test.web.servlet.TestDispatcherServlet -- Initializing Servlet ''
17:34:41.917 [Test worker] INFO org.springframework.test.web.servlet.TestDispatcherServlet -- Completed initialization in 1 ms
17:34:41.933 [Test worker] WARN org.springframework.web.servlet.mvc.support.DefaultHandlerExceptionResolver -- Resolved [org.springframework.web.bind.MethodArgumentNotValidException: Validation failed for argument [0] in public org.springframework.http.ResponseEntity<java.lang.String> com.bootcamp_2024_2.api_stock.adapters.driving.http.controller.CategoryRestControllerAdapter.addCategory(com.bootcamp_2024_2.api_stock.adapters.driving.http.dto.request.AddCategoryRequest): [Field error in object 'addCategoryRequest' on field 'name': rejected value [Lorem ipsum dolor sit amet, consectetur adipiscing elit. Aenean.]; codes [Size.addCategoryRequest.name,Size.name,Size.java.lang.String,Size]; arguments [org.springframework.context.support.DefaultMessageSourceResolvable: codes [addCategoryRequest.name,name]; arguments []; default message [name],50,2]; default message [The name must be between 2 and 50 characters]] ]
]]></system-out>
  <system-err><![CDATA[]]></system-err>
</testsuite>
