<?xml version="1.0" encoding="UTF-8"?>
<testsuite name="com.bootcamp_2024_2.api_stock.adapters.driving.http.controller.BrandRestControllerAdapterTest" tests="9" skipped="0" failures="0" errors="0" timestamp="2024-09-04T00:03:12" hostname="JUANES" time="10.183">
  <properties/>
  <testcase name="[1] testCase=com.bootcamp_2024_2.api_stock.testData.RequestCase@5c45d770" classname="com.bootcamp_2024_2.api_stock.adapters.driving.http.controller.BrandRestControllerAdapterTest" time="8.585"/>
  <testcase name="[2] testCase=com.bootcamp_2024_2.api_stock.testData.RequestCase@5c82031b" classname="com.bootcamp_2024_2.api_stock.adapters.driving.http.controller.BrandRestControllerAdapterTest" time="0.315"/>
  <testcase name="[3] testCase=com.bootcamp_2024_2.api_stock.testData.RequestCase@41fc0084" classname="com.bootcamp_2024_2.api_stock.adapters.driving.http.controller.BrandRestControllerAdapterTest" time="0.082"/>
  <testcase name="[4] testCase=com.bootcamp_2024_2.api_stock.testData.RequestCase@6d31f106" classname="com.bootcamp_2024_2.api_stock.adapters.driving.http.controller.BrandRestControllerAdapterTest" time="0.105"/>
  <testcase name="[5] testCase=com.bootcamp_2024_2.api_stock.testData.RequestCase@7f51f588" classname="com.bootcamp_2024_2.api_stock.adapters.driving.http.controller.BrandRestControllerAdapterTest" time="0.152"/>
  <testcase name="[6] testCase=com.bootcamp_2024_2.api_stock.testData.RequestCase@1b31af02" classname="com.bootcamp_2024_2.api_stock.adapters.driving.http.controller.BrandRestControllerAdapterTest" time="0.32"/>
  <testcase name="[7] testCase=com.bootcamp_2024_2.api_stock.testData.RequestCase@5940b14e" classname="com.bootcamp_2024_2.api_stock.adapters.driving.http.controller.BrandRestControllerAdapterTest" time="0.363"/>
  <testcase name="[8] testCase=com.bootcamp_2024_2.api_stock.testData.RequestCase@2049e582" classname="com.bootcamp_2024_2.api_stock.adapters.driving.http.controller.BrandRestControllerAdapterTest" time="0.108"/>
  <testcase name="[9] testCase=com.bootcamp_2024_2.api_stock.testData.RequestCase@27358a19" classname="com.bootcamp_2024_2.api_stock.adapters.driving.http.controller.BrandRestControllerAdapterTest" time="0.08"/>
  <system-out><![CDATA[19:03:17.558 [Test worker] INFO org.hibernate.validator.internal.util.Version -- HV000001: Hibernate Validator 8.0.1.Final
19:03:20.409 [Test worker] INFO org.springframework.mock.web.MockServletContext -- Initializing Spring TestDispatcherServlet ''
19:03:20.410 [Test worker] INFO org.springframework.test.web.servlet.TestDispatcherServlet -- Initializing Servlet ''
19:03:20.424 [Test worker] INFO org.springframework.test.web.servlet.TestDispatcherServlet -- Completed initialization in 9 ms
19:03:21.306 [Test worker] INFO org.springframework.mock.web.MockServletContext -- Initializing Spring TestDispatcherServlet ''
19:03:21.307 [Test worker] INFO org.springframework.test.web.servlet.TestDispatcherServlet -- Initializing Servlet ''
19:03:21.308 [Test worker] INFO org.springframework.test.web.servlet.TestDispatcherServlet -- Completed initialization in 1 ms
19:03:21.539 [Test worker] WARN org.springframework.web.servlet.mvc.support.DefaultHandlerExceptionResolver -- Resolved [org.springframework.web.bind.MethodArgumentNotValidException: Validation failed for argument [0] in public org.springframework.http.ResponseEntity<java.lang.String> com.bootcamp_2024_2.api_stock.adapters.driving.http.controller.BrandRestControllerAdapter.addBrand(com.bootcamp_2024_2.api_stock.adapters.driving.http.dto.request.AddBrandRequest) with 2 errors: [Field error in object 'addBrandRequest' on field 'name': rejected value []; codes [Size.addBrandRequest.name,Size.name,Size.java.lang.String,Size]; arguments [org.springframework.context.support.DefaultMessageSourceResolvable: codes [addBrandRequest.name,name]; arguments []; default message [name],50,2]; default message [The name must be between 2 and 50 characters]] [Field error in object 'addBrandRequest' on field 'name': rejected value []; codes [NotBlank.addBrandRequest.name,NotBlank.name,NotBlank.java.lang.String,NotBlank]; arguments [org.springframework.context.support.DefaultMessageSourceResolvable: codes [addBrandRequest.name,name]; arguments []; default message [name]]; default message [Field 'name' cannot be null]] ]
19:03:21.590 [Test worker] INFO org.springframework.mock.web.MockServletContext -- Initializing Spring TestDispatcherServlet ''
19:03:21.590 [Test worker] INFO org.springframework.test.web.servlet.TestDispatcherServlet -- Initializing Servlet ''
19:03:21.591 [Test worker] INFO org.springframework.test.web.servlet.TestDispatcherServlet -- Completed initialization in 1 ms
19:03:21.635 [Test worker] WARN org.springframework.web.servlet.mvc.support.DefaultHandlerExceptionResolver -- Resolved [org.springframework.web.bind.MethodArgumentNotValidException: Validation failed for argument [0] in public org.springframework.http.ResponseEntity<java.lang.String> com.bootcamp_2024_2.api_stock.adapters.driving.http.controller.BrandRestControllerAdapter.addBrand(com.bootcamp_2024_2.api_stock.adapters.driving.http.dto.request.AddBrandRequest) with 2 errors: [Field error in object 'addBrandRequest' on field 'description': rejected value []; codes [NotBlank.addBrandRequest.description,NotBlank.description,NotBlank.java.lang.String,NotBlank]; arguments [org.springframework.context.support.DefaultMessageSourceResolvable: codes [addBrandRequest.description,description]; arguments []; default message [description]]; default message [Field 'description' cannot be null]] [Field error in object 'addBrandRequest' on field 'description': rejected value []; codes [Size.addBrandRequest.description,Size.description,Size.java.lang.String,Size]; arguments [org.springframework.context.support.DefaultMessageSourceResolvable: codes [addBrandRequest.description,description]; arguments []; default message [description],120,2]; default message [Description must be between 2 and 120 characters]] ]
19:03:21.692 [Test worker] INFO org.springframework.mock.web.MockServletContext -- Initializing Spring TestDispatcherServlet ''
19:03:21.693 [Test worker] INFO org.springframework.test.web.servlet.TestDispatcherServlet -- Initializing Servlet ''
19:03:21.695 [Test worker] INFO org.springframework.test.web.servlet.TestDispatcherServlet -- Completed initialization in 1 ms
19:03:21.746 [Test worker] WARN org.springframework.web.servlet.mvc.support.DefaultHandlerExceptionResolver -- Resolved [org.springframework.web.bind.MethodArgumentNotValidException: Validation failed for argument [0] in public org.springframework.http.ResponseEntity<java.lang.String> com.bootcamp_2024_2.api_stock.adapters.driving.http.controller.BrandRestControllerAdapter.addBrand(com.bootcamp_2024_2.api_stock.adapters.driving.http.dto.request.AddBrandRequest) with 2 errors: [Field error in object 'addBrandRequest' on field 'name': rejected value [N]; codes [Size.addBrandRequest.name,Size.name,Size.java.lang.String,Size]; arguments [org.springframework.context.support.DefaultMessageSourceResolvable: codes [addBrandRequest.name,name]; arguments []; default message [name],50,2]; default message [The name must be between 2 and 50 characters]] [Field error in object 'addBrandRequest' on field 'description': rejected value [N]; codes [Size.addBrandRequest.description,Size.description,Size.java.lang.String,Size]; arguments [org.springframework.context.support.DefaultMessageSourceResolvable: codes [addBrandRequest.description,description]; arguments []; default message [description],120,2]; default message [Description must be between 2 and 120 characters]] ]
19:03:21.837 [Test worker] INFO org.springframework.mock.web.MockServletContext -- Initializing Spring TestDispatcherServlet ''
19:03:21.840 [Test worker] INFO org.springframework.test.web.servlet.TestDispatcherServlet -- Initializing Servlet ''
19:03:21.841 [Test worker] INFO org.springframework.test.web.servlet.TestDispatcherServlet -- Completed initialization in 0 ms
19:03:21.906 [Test worker] WARN org.springframework.web.servlet.mvc.support.DefaultHandlerExceptionResolver -- Resolved [org.springframework.web.bind.MethodArgumentNotValidException: Validation failed for argument [0] in public org.springframework.http.ResponseEntity<java.lang.String> com.bootcamp_2024_2.api_stock.adapters.driving.http.controller.BrandRestControllerAdapter.addBrand(com.bootcamp_2024_2.api_stock.adapters.driving.http.dto.request.AddBrandRequest): [Field error in object 'addBrandRequest' on field 'name': rejected value [Lorem ipsum dolor sit amet, consectetur adipiscing elit. Aenean.]; codes [Size.addBrandRequest.name,Size.name,Size.java.lang.String,Size]; arguments [org.springframework.context.support.DefaultMessageSourceResolvable: codes [addBrandRequest.name,name]; arguments []; default message [name],50,2]; default message [The name must be between 2 and 50 characters]] ]
19:03:22.094 [Test worker] INFO org.springframework.mock.web.MockServletContext -- Initializing Spring TestDispatcherServlet ''
19:03:22.095 [Test worker] INFO org.springframework.test.web.servlet.TestDispatcherServlet -- Initializing Servlet ''
19:03:22.096 [Test worker] INFO org.springframework.test.web.servlet.TestDispatcherServlet -- Completed initialization in 1 ms
19:03:22.234 [Test worker] WARN org.springframework.web.servlet.mvc.support.DefaultHandlerExceptionResolver -- Resolved [org.springframework.web.bind.MethodArgumentNotValidException: Validation failed for argument [0] in public org.springframework.http.ResponseEntity<java.lang.String> com.bootcamp_2024_2.api_stock.adapters.driving.http.controller.BrandRestControllerAdapter.addBrand(com.bootcamp_2024_2.api_stock.adapters.driving.http.dto.request.AddBrandRequest) with 2 errors: [Field error in object 'addBrandRequest' on field 'name': rejected value []; codes [Size.addBrandRequest.name,Size.name,Size.java.lang.String,Size]; arguments [org.springframework.context.support.DefaultMessageSourceResolvable: codes [addBrandRequest.name,name]; arguments []; default message [name],50,2]; default message [The name must be between 2 and 50 characters]] [Field error in object 'addBrandRequest' on field 'name': rejected value []; codes [NotBlank.addBrandRequest.name,NotBlank.name,NotBlank.java.lang.String,NotBlank]; arguments [org.springframework.context.support.DefaultMessageSourceResolvable: codes [addBrandRequest.name,name]; arguments []; default message [name]]; default message [Field 'name' cannot be null]] ]
19:03:22.480 [Test worker] INFO org.springframework.mock.web.MockServletContext -- Initializing Spring TestDispatcherServlet ''
19:03:22.481 [Test worker] INFO org.springframework.test.web.servlet.TestDispatcherServlet -- Initializing Servlet ''
19:03:22.482 [Test worker] INFO org.springframework.test.web.servlet.TestDispatcherServlet -- Completed initialization in 0 ms
19:03:22.611 [Test worker] WARN org.springframework.web.servlet.mvc.support.DefaultHandlerExceptionResolver -- Resolved [org.springframework.web.bind.MethodArgumentNotValidException: Validation failed for argument [0] in public org.springframework.http.ResponseEntity<java.lang.String> com.bootcamp_2024_2.api_stock.adapters.driving.http.controller.BrandRestControllerAdapter.addBrand(com.bootcamp_2024_2.api_stock.adapters.driving.http.dto.request.AddBrandRequest) with 2 errors: [Field error in object 'addBrandRequest' on field 'description': rejected value []; codes [NotBlank.addBrandRequest.description,NotBlank.description,NotBlank.java.lang.String,NotBlank]; arguments [org.springframework.context.support.DefaultMessageSourceResolvable: codes [addBrandRequest.description,description]; arguments []; default message [description]]; default message [Field 'description' cannot be null]] [Field error in object 'addBrandRequest' on field 'description': rejected value []; codes [Size.addBrandRequest.description,Size.description,Size.java.lang.String,Size]; arguments [org.springframework.context.support.DefaultMessageSourceResolvable: codes [addBrandRequest.description,description]; arguments []; default message [description],120,2]; default message [Description must be between 2 and 120 characters]] ]
19:03:22.687 [Test worker] INFO org.springframework.mock.web.MockServletContext -- Initializing Spring TestDispatcherServlet ''
19:03:22.687 [Test worker] INFO org.springframework.test.web.servlet.TestDispatcherServlet -- Initializing Servlet ''
19:03:22.688 [Test worker] INFO org.springframework.test.web.servlet.TestDispatcherServlet -- Completed initialization in 0 ms
19:03:22.730 [Test worker] WARN org.springframework.web.servlet.mvc.support.DefaultHandlerExceptionResolver -- Resolved [org.springframework.web.bind.MethodArgumentNotValidException: Validation failed for argument [0] in public org.springframework.http.ResponseEntity<java.lang.String> com.bootcamp_2024_2.api_stock.adapters.driving.http.controller.BrandRestControllerAdapter.addBrand(com.bootcamp_2024_2.api_stock.adapters.driving.http.dto.request.AddBrandRequest) with 2 errors: [Field error in object 'addBrandRequest' on field 'name': rejected value [N]; codes [Size.addBrandRequest.name,Size.name,Size.java.lang.String,Size]; arguments [org.springframework.context.support.DefaultMessageSourceResolvable: codes [addBrandRequest.name,name]; arguments []; default message [name],50,2]; default message [The name must be between 2 and 50 characters]] [Field error in object 'addBrandRequest' on field 'description': rejected value [N]; codes [Size.addBrandRequest.description,Size.description,Size.java.lang.String,Size]; arguments [org.springframework.context.support.DefaultMessageSourceResolvable: codes [addBrandRequest.description,description]; arguments []; default message [description],120,2]; default message [Description must be between 2 and 120 characters]] ]
19:03:22.778 [Test worker] INFO org.springframework.mock.web.MockServletContext -- Initializing Spring TestDispatcherServlet ''
19:03:22.779 [Test worker] INFO org.springframework.test.web.servlet.TestDispatcherServlet -- Initializing Servlet ''
19:03:22.780 [Test worker] INFO org.springframework.test.web.servlet.TestDispatcherServlet -- Completed initialization in 1 ms
19:03:22.813 [Test worker] WARN org.springframework.web.servlet.mvc.support.DefaultHandlerExceptionResolver -- Resolved [org.springframework.web.bind.MethodArgumentNotValidException: Validation failed for argument [0] in public org.springframework.http.ResponseEntity<java.lang.String> com.bootcamp_2024_2.api_stock.adapters.driving.http.controller.BrandRestControllerAdapter.addBrand(com.bootcamp_2024_2.api_stock.adapters.driving.http.dto.request.AddBrandRequest): [Field error in object 'addBrandRequest' on field 'name': rejected value [Lorem ipsum dolor sit amet, consectetur adipiscing elit. Aenean.]; codes [Size.addBrandRequest.name,Size.name,Size.java.lang.String,Size]; arguments [org.springframework.context.support.DefaultMessageSourceResolvable: codes [addBrandRequest.name,name]; arguments []; default message [name],50,2]; default message [The name must be between 2 and 50 characters]] ]
]]></system-out>
  <system-err><![CDATA[]]></system-err>
</testsuite>
