<?xml version="1.0" encoding="UTF-8"?>
<testsuite name="com.bootcamp_2024_2.api_stock.adapters.driving.http.controller.BrandRestControllerAdapterTest" tests="9" skipped="0" failures="0" errors="0" timestamp="2024-09-05T00:59:06" hostname="JUANES" time="5.891">
  <properties/>
  <testcase name="[1] testCase=com.bootcamp_2024_2.api_stock.testData.RequestCase@3c01cfa1" classname="com.bootcamp_2024_2.api_stock.adapters.driving.http.controller.BrandRestControllerAdapterTest" time="5.46"/>
  <testcase name="[2] testCase=com.bootcamp_2024_2.api_stock.testData.RequestCase@28989415" classname="com.bootcamp_2024_2.api_stock.adapters.driving.http.controller.BrandRestControllerAdapterTest" time="0.107"/>
  <testcase name="[3] testCase=com.bootcamp_2024_2.api_stock.testData.RequestCase@1f758e4f" classname="com.bootcamp_2024_2.api_stock.adapters.driving.http.controller.BrandRestControllerAdapterTest" time="0.047"/>
  <testcase name="[4] testCase=com.bootcamp_2024_2.api_stock.testData.RequestCase@7de35070" classname="com.bootcamp_2024_2.api_stock.adapters.driving.http.controller.BrandRestControllerAdapterTest" time="0.048"/>
  <testcase name="[5] testCase=com.bootcamp_2024_2.api_stock.testData.RequestCase@6060146b" classname="com.bootcamp_2024_2.api_stock.adapters.driving.http.controller.BrandRestControllerAdapterTest" time="0.042"/>
  <testcase name="[6] testCase=com.bootcamp_2024_2.api_stock.testData.RequestCase@1c7cd434" classname="com.bootcamp_2024_2.api_stock.adapters.driving.http.controller.BrandRestControllerAdapterTest" time="0.043"/>
  <testcase name="[7] testCase=com.bootcamp_2024_2.api_stock.testData.RequestCase@28e94c2" classname="com.bootcamp_2024_2.api_stock.adapters.driving.http.controller.BrandRestControllerAdapterTest" time="0.037"/>
  <testcase name="[8] testCase=com.bootcamp_2024_2.api_stock.testData.RequestCase@7e18ced7" classname="com.bootcamp_2024_2.api_stock.adapters.driving.http.controller.BrandRestControllerAdapterTest" time="0.043"/>
  <testcase name="[9] testCase=com.bootcamp_2024_2.api_stock.testData.RequestCase@40dd552c" classname="com.bootcamp_2024_2.api_stock.adapters.driving.http.controller.BrandRestControllerAdapterTest" time="0.036"/>
  <system-out><![CDATA[19:59:09.818 [Test worker] INFO org.hibernate.validator.internal.util.Version -- HV000001: Hibernate Validator 8.0.1.Final
19:59:11.478 [Test worker] INFO org.springframework.mock.web.MockServletContext -- Initializing Spring TestDispatcherServlet ''
19:59:11.479 [Test worker] INFO org.springframework.test.web.servlet.TestDispatcherServlet -- Initializing Servlet ''
19:59:11.486 [Test worker] INFO org.springframework.test.web.servlet.TestDispatcherServlet -- Completed initialization in 4 ms
19:59:12.065 [Test worker] INFO org.springframework.mock.web.MockServletContext -- Initializing Spring TestDispatcherServlet ''
19:59:12.066 [Test worker] INFO org.springframework.test.web.servlet.TestDispatcherServlet -- Initializing Servlet ''
19:59:12.066 [Test worker] INFO org.springframework.test.web.servlet.TestDispatcherServlet -- Completed initialization in 0 ms
19:59:12.145 [Test worker] WARN org.springframework.web.servlet.mvc.support.DefaultHandlerExceptionResolver -- Resolved [org.springframework.web.bind.MethodArgumentNotValidException: Validation failed for argument [0] in public org.springframework.http.ResponseEntity<com.bootcamp_2024_2.api_stock.adapters.driving.http.dto.response.BrandResponse> com.bootcamp_2024_2.api_stock.adapters.driving.http.controller.BrandRestControllerAdapter.addBrand(com.bootcamp_2024_2.api_stock.adapters.driving.http.dto.request.AddBrandRequest) with 2 errors: [Field error in object 'addBrandRequest' on field 'name': rejected value []; codes [Size.addBrandRequest.name,Size.name,Size.java.lang.String,Size]; arguments [org.springframework.context.support.DefaultMessageSourceResolvable: codes [addBrandRequest.name,name]; arguments []; default message [name],50,2]; default message [The name must be between 2 and 50 characters]] [Field error in object 'addBrandRequest' on field 'name': rejected value []; codes [NotBlank.addBrandRequest.name,NotBlank.name,NotBlank.java.lang.String,NotBlank]; arguments [org.springframework.context.support.DefaultMessageSourceResolvable: codes [addBrandRequest.name,name]; arguments []; default message [name]]; default message [Field 'name' cannot be null]] ]
19:59:12.174 [Test worker] INFO org.springframework.mock.web.MockServletContext -- Initializing Spring TestDispatcherServlet ''
19:59:12.174 [Test worker] INFO org.springframework.test.web.servlet.TestDispatcherServlet -- Initializing Servlet ''
19:59:12.175 [Test worker] INFO org.springframework.test.web.servlet.TestDispatcherServlet -- Completed initialization in 0 ms
19:59:12.199 [Test worker] WARN org.springframework.web.servlet.mvc.support.DefaultHandlerExceptionResolver -- Resolved [org.springframework.web.bind.MethodArgumentNotValidException: Validation failed for argument [0] in public org.springframework.http.ResponseEntity<com.bootcamp_2024_2.api_stock.adapters.driving.http.dto.response.BrandResponse> com.bootcamp_2024_2.api_stock.adapters.driving.http.controller.BrandRestControllerAdapter.addBrand(com.bootcamp_2024_2.api_stock.adapters.driving.http.dto.request.AddBrandRequest) with 2 errors: [Field error in object 'addBrandRequest' on field 'description': rejected value []; codes [NotBlank.addBrandRequest.description,NotBlank.description,NotBlank.java.lang.String,NotBlank]; arguments [org.springframework.context.support.DefaultMessageSourceResolvable: codes [addBrandRequest.description,description]; arguments []; default message [description]]; default message [Field 'description' cannot be null]] [Field error in object 'addBrandRequest' on field 'description': rejected value []; codes [Size.addBrandRequest.description,Size.description,Size.java.lang.String,Size]; arguments [org.springframework.context.support.DefaultMessageSourceResolvable: codes [addBrandRequest.description,description]; arguments []; default message [description],120,2]; default message [Description must be between 2 and 120 characters]] ]
19:59:12.230 [Test worker] INFO org.springframework.mock.web.MockServletContext -- Initializing Spring TestDispatcherServlet ''
19:59:12.230 [Test worker] INFO org.springframework.test.web.servlet.TestDispatcherServlet -- Initializing Servlet ''
19:59:12.231 [Test worker] INFO org.springframework.test.web.servlet.TestDispatcherServlet -- Completed initialization in 1 ms
19:59:12.251 [Test worker] WARN org.springframework.web.servlet.mvc.support.DefaultHandlerExceptionResolver -- Resolved [org.springframework.web.bind.MethodArgumentNotValidException: Validation failed for argument [0] in public org.springframework.http.ResponseEntity<com.bootcamp_2024_2.api_stock.adapters.driving.http.dto.response.BrandResponse> com.bootcamp_2024_2.api_stock.adapters.driving.http.controller.BrandRestControllerAdapter.addBrand(com.bootcamp_2024_2.api_stock.adapters.driving.http.dto.request.AddBrandRequest) with 2 errors: [Field error in object 'addBrandRequest' on field 'name': rejected value [N]; codes [Size.addBrandRequest.name,Size.name,Size.java.lang.String,Size]; arguments [org.springframework.context.support.DefaultMessageSourceResolvable: codes [addBrandRequest.name,name]; arguments []; default message [name],50,2]; default message [The name must be between 2 and 50 characters]] [Field error in object 'addBrandRequest' on field 'description': rejected value [N]; codes [Size.addBrandRequest.description,Size.description,Size.java.lang.String,Size]; arguments [org.springframework.context.support.DefaultMessageSourceResolvable: codes [addBrandRequest.description,description]; arguments []; default message [description],120,2]; default message [Description must be between 2 and 120 characters]] ]
19:59:12.278 [Test worker] INFO org.springframework.mock.web.MockServletContext -- Initializing Spring TestDispatcherServlet ''
19:59:12.278 [Test worker] INFO org.springframework.test.web.servlet.TestDispatcherServlet -- Initializing Servlet ''
19:59:12.279 [Test worker] INFO org.springframework.test.web.servlet.TestDispatcherServlet -- Completed initialization in 1 ms
19:59:12.297 [Test worker] WARN org.springframework.web.servlet.mvc.support.DefaultHandlerExceptionResolver -- Resolved [org.springframework.web.bind.MethodArgumentNotValidException: Validation failed for argument [0] in public org.springframework.http.ResponseEntity<com.bootcamp_2024_2.api_stock.adapters.driving.http.dto.response.BrandResponse> com.bootcamp_2024_2.api_stock.adapters.driving.http.controller.BrandRestControllerAdapter.addBrand(com.bootcamp_2024_2.api_stock.adapters.driving.http.dto.request.AddBrandRequest): [Field error in object 'addBrandRequest' on field 'name': rejected value [Lorem ipsum dolor sit amet, consectetur adipiscing elit. Aenean.]; codes [Size.addBrandRequest.name,Size.name,Size.java.lang.String,Size]; arguments [org.springframework.context.support.DefaultMessageSourceResolvable: codes [addBrandRequest.name,name]; arguments []; default message [name],50,2]; default message [The name must be between 2 and 50 characters]] ]
19:59:12.325 [Test worker] INFO org.springframework.mock.web.MockServletContext -- Initializing Spring TestDispatcherServlet ''
19:59:12.325 [Test worker] INFO org.springframework.test.web.servlet.TestDispatcherServlet -- Initializing Servlet ''
19:59:12.326 [Test worker] INFO org.springframework.test.web.servlet.TestDispatcherServlet -- Completed initialization in 0 ms
19:59:12.343 [Test worker] WARN org.springframework.web.servlet.mvc.support.DefaultHandlerExceptionResolver -- Resolved [org.springframework.web.bind.MethodArgumentNotValidException: Validation failed for argument [0] in public org.springframework.http.ResponseEntity<com.bootcamp_2024_2.api_stock.adapters.driving.http.dto.response.BrandResponse> com.bootcamp_2024_2.api_stock.adapters.driving.http.controller.BrandRestControllerAdapter.addBrand(com.bootcamp_2024_2.api_stock.adapters.driving.http.dto.request.AddBrandRequest) with 2 errors: [Field error in object 'addBrandRequest' on field 'name': rejected value []; codes [NotBlank.addBrandRequest.name,NotBlank.name,NotBlank.java.lang.String,NotBlank]; arguments [org.springframework.context.support.DefaultMessageSourceResolvable: codes [addBrandRequest.name,name]; arguments []; default message [name]]; default message [Field 'name' cannot be null]] [Field error in object 'addBrandRequest' on field 'name': rejected value []; codes [Size.addBrandRequest.name,Size.name,Size.java.lang.String,Size]; arguments [org.springframework.context.support.DefaultMessageSourceResolvable: codes [addBrandRequest.name,name]; arguments []; default message [name],50,2]; default message [The name must be between 2 and 50 characters]] ]
19:59:12.370 [Test worker] INFO org.springframework.mock.web.MockServletContext -- Initializing Spring TestDispatcherServlet ''
19:59:12.370 [Test worker] INFO org.springframework.test.web.servlet.TestDispatcherServlet -- Initializing Servlet ''
19:59:12.370 [Test worker] INFO org.springframework.test.web.servlet.TestDispatcherServlet -- Completed initialization in 0 ms
19:59:12.384 [Test worker] WARN org.springframework.web.servlet.mvc.support.DefaultHandlerExceptionResolver -- Resolved [org.springframework.web.bind.MethodArgumentNotValidException: Validation failed for argument [0] in public org.springframework.http.ResponseEntity<com.bootcamp_2024_2.api_stock.adapters.driving.http.dto.response.BrandResponse> com.bootcamp_2024_2.api_stock.adapters.driving.http.controller.BrandRestControllerAdapter.addBrand(com.bootcamp_2024_2.api_stock.adapters.driving.http.dto.request.AddBrandRequest) with 2 errors: [Field error in object 'addBrandRequest' on field 'description': rejected value []; codes [Size.addBrandRequest.description,Size.description,Size.java.lang.String,Size]; arguments [org.springframework.context.support.DefaultMessageSourceResolvable: codes [addBrandRequest.description,description]; arguments []; default message [description],120,2]; default message [Description must be between 2 and 120 characters]] [Field error in object 'addBrandRequest' on field 'description': rejected value []; codes [NotBlank.addBrandRequest.description,NotBlank.description,NotBlank.java.lang.String,NotBlank]; arguments [org.springframework.context.support.DefaultMessageSourceResolvable: codes [addBrandRequest.description,description]; arguments []; default message [description]]; default message [Field 'description' cannot be null]] ]
19:59:12.411 [Test worker] INFO org.springframework.mock.web.MockServletContext -- Initializing Spring TestDispatcherServlet ''
19:59:12.412 [Test worker] INFO org.springframework.test.web.servlet.TestDispatcherServlet -- Initializing Servlet ''
19:59:12.412 [Test worker] INFO org.springframework.test.web.servlet.TestDispatcherServlet -- Completed initialization in 0 ms
19:59:12.429 [Test worker] WARN org.springframework.web.servlet.mvc.support.DefaultHandlerExceptionResolver -- Resolved [org.springframework.web.bind.MethodArgumentNotValidException: Validation failed for argument [0] in public org.springframework.http.ResponseEntity<com.bootcamp_2024_2.api_stock.adapters.driving.http.dto.response.BrandResponse> com.bootcamp_2024_2.api_stock.adapters.driving.http.controller.BrandRestControllerAdapter.addBrand(com.bootcamp_2024_2.api_stock.adapters.driving.http.dto.request.AddBrandRequest) with 2 errors: [Field error in object 'addBrandRequest' on field 'name': rejected value [N]; codes [Size.addBrandRequest.name,Size.name,Size.java.lang.String,Size]; arguments [org.springframework.context.support.DefaultMessageSourceResolvable: codes [addBrandRequest.name,name]; arguments []; default message [name],50,2]; default message [The name must be between 2 and 50 characters]] [Field error in object 'addBrandRequest' on field 'description': rejected value [N]; codes [Size.addBrandRequest.description,Size.description,Size.java.lang.String,Size]; arguments [org.springframework.context.support.DefaultMessageSourceResolvable: codes [addBrandRequest.description,description]; arguments []; default message [description],120,2]; default message [Description must be between 2 and 120 characters]] ]
19:59:12.451 [Test worker] INFO org.springframework.mock.web.MockServletContext -- Initializing Spring TestDispatcherServlet ''
19:59:12.452 [Test worker] INFO org.springframework.test.web.servlet.TestDispatcherServlet -- Initializing Servlet ''
19:59:12.453 [Test worker] INFO org.springframework.test.web.servlet.TestDispatcherServlet -- Completed initialization in 1 ms
19:59:12.466 [Test worker] WARN org.springframework.web.servlet.mvc.support.DefaultHandlerExceptionResolver -- Resolved [org.springframework.web.bind.MethodArgumentNotValidException: Validation failed for argument [0] in public org.springframework.http.ResponseEntity<com.bootcamp_2024_2.api_stock.adapters.driving.http.dto.response.BrandResponse> com.bootcamp_2024_2.api_stock.adapters.driving.http.controller.BrandRestControllerAdapter.addBrand(com.bootcamp_2024_2.api_stock.adapters.driving.http.dto.request.AddBrandRequest): [Field error in object 'addBrandRequest' on field 'name': rejected value [Lorem ipsum dolor sit amet, consectetur adipiscing elit. Aenean.]; codes [Size.addBrandRequest.name,Size.name,Size.java.lang.String,Size]; arguments [org.springframework.context.support.DefaultMessageSourceResolvable: codes [addBrandRequest.name,name]; arguments []; default message [name],50,2]; default message [The name must be between 2 and 50 characters]] ]
]]></system-out>
  <system-err><![CDATA[]]></system-err>
</testsuite>
