<?xml version="1.0" encoding="UTF-8"?>
<testsuite name="com.bootcamp_2024_2.api_stock.adapters.driving.http.controller.BrandRestControllerAdapterTest" tests="9" skipped="0" failures="0" errors="0" timestamp="2024-08-26T03:47:09" hostname="JUANES" time="5.678">
  <properties/>
  <testcase name="[1] testCase=com.bootcamp_2024_2.api_stock.testData.RequestCase@5c45d770" classname="com.bootcamp_2024_2.api_stock.adapters.driving.http.controller.BrandRestControllerAdapterTest" time="5.074"/>
  <testcase name="[2] testCase=com.bootcamp_2024_2.api_stock.testData.RequestCase@6c5ca0b6" classname="com.bootcamp_2024_2.api_stock.adapters.driving.http.controller.BrandRestControllerAdapterTest" time="0.129"/>
  <testcase name="[3] testCase=com.bootcamp_2024_2.api_stock.testData.RequestCase@35ac9ebd" classname="com.bootcamp_2024_2.api_stock.adapters.driving.http.controller.BrandRestControllerAdapterTest" time="0.063"/>
  <testcase name="[4] testCase=com.bootcamp_2024_2.api_stock.testData.RequestCase@2b01c689" classname="com.bootcamp_2024_2.api_stock.adapters.driving.http.controller.BrandRestControllerAdapterTest" time="0.065"/>
  <testcase name="[5] testCase=com.bootcamp_2024_2.api_stock.testData.RequestCase@34aa8b61" classname="com.bootcamp_2024_2.api_stock.adapters.driving.http.controller.BrandRestControllerAdapterTest" time="0.064"/>
  <testcase name="[6] testCase=com.bootcamp_2024_2.api_stock.testData.RequestCase@1e191150" classname="com.bootcamp_2024_2.api_stock.adapters.driving.http.controller.BrandRestControllerAdapterTest" time="0.075"/>
  <testcase name="[7] testCase=com.bootcamp_2024_2.api_stock.testData.RequestCase@1a497286" classname="com.bootcamp_2024_2.api_stock.adapters.driving.http.controller.BrandRestControllerAdapterTest" time="0.06"/>
  <testcase name="[8] testCase=com.bootcamp_2024_2.api_stock.testData.RequestCase@1af677f8" classname="com.bootcamp_2024_2.api_stock.adapters.driving.http.controller.BrandRestControllerAdapterTest" time="0.053"/>
  <testcase name="[9] testCase=com.bootcamp_2024_2.api_stock.testData.RequestCase@288728e" classname="com.bootcamp_2024_2.api_stock.adapters.driving.http.controller.BrandRestControllerAdapterTest" time="0.043"/>
  <system-out><![CDATA[22:47:12.263 [Test worker] INFO org.hibernate.validator.internal.util.Version -- HV000001: Hibernate Validator 8.0.1.Final
22:47:13.755 [Test worker] INFO org.springframework.mock.web.MockServletContext -- Initializing Spring TestDispatcherServlet ''
22:47:13.756 [Test worker] INFO org.springframework.test.web.servlet.TestDispatcherServlet -- Initializing Servlet ''
22:47:13.769 [Test worker] INFO org.springframework.test.web.servlet.TestDispatcherServlet -- Completed initialization in 8 ms
22:47:14.336 [Test worker] INFO org.springframework.mock.web.MockServletContext -- Initializing Spring TestDispatcherServlet ''
22:47:14.336 [Test worker] INFO org.springframework.test.web.servlet.TestDispatcherServlet -- Initializing Servlet ''
22:47:14.337 [Test worker] INFO org.springframework.test.web.servlet.TestDispatcherServlet -- Completed initialization in 1 ms
22:47:14.430 [Test worker] WARN org.springframework.web.servlet.mvc.support.DefaultHandlerExceptionResolver -- Resolved [org.springframework.web.bind.MethodArgumentNotValidException: Validation failed for argument [0] in public org.springframework.http.ResponseEntity<java.lang.String> com.bootcamp_2024_2.api_stock.adapters.driving.http.controller.BrandRestControllerAdapter.addBrand(com.bootcamp_2024_2.api_stock.adapters.driving.http.dto.request.AddBrandRequest) with 2 errors: [Field error in object 'addBrandRequest' on field 'name': rejected value []; codes [Size.addBrandRequest.name,Size.name,Size.java.lang.String,Size]; arguments [org.springframework.context.support.DefaultMessageSourceResolvable: codes [addBrandRequest.name,name]; arguments []; default message [name],50,2]; default message [The name must be between 2 and 50 characters]] [Field error in object 'addBrandRequest' on field 'name': rejected value []; codes [NotBlank.addBrandRequest.name,NotBlank.name,NotBlank.java.lang.String,NotBlank]; arguments [org.springframework.context.support.DefaultMessageSourceResolvable: codes [addBrandRequest.name,name]; arguments []; default message [name]]; default message [Field 'name' cannot be null]] ]
22:47:14.471 [Test worker] INFO org.springframework.mock.web.MockServletContext -- Initializing Spring TestDispatcherServlet ''
22:47:14.472 [Test worker] INFO org.springframework.test.web.servlet.TestDispatcherServlet -- Initializing Servlet ''
22:47:14.473 [Test worker] INFO org.springframework.test.web.servlet.TestDispatcherServlet -- Completed initialization in 1 ms
22:47:14.504 [Test worker] WARN org.springframework.web.servlet.mvc.support.DefaultHandlerExceptionResolver -- Resolved [org.springframework.web.bind.MethodArgumentNotValidException: Validation failed for argument [0] in public org.springframework.http.ResponseEntity<java.lang.String> com.bootcamp_2024_2.api_stock.adapters.driving.http.controller.BrandRestControllerAdapter.addBrand(com.bootcamp_2024_2.api_stock.adapters.driving.http.dto.request.AddBrandRequest) with 2 errors: [Field error in object 'addBrandRequest' on field 'description': rejected value []; codes [NotBlank.addBrandRequest.description,NotBlank.description,NotBlank.java.lang.String,NotBlank]; arguments [org.springframework.context.support.DefaultMessageSourceResolvable: codes [addBrandRequest.description,description]; arguments []; default message [description]]; default message [Field 'description' cannot be null]] [Field error in object 'addBrandRequest' on field 'description': rejected value []; codes [Size.addBrandRequest.description,Size.description,Size.java.lang.String,Size]; arguments [org.springframework.context.support.DefaultMessageSourceResolvable: codes [addBrandRequest.description,description]; arguments []; default message [description],120,2]; default message [Description must be between 2 and 120 characters]] ]
22:47:14.545 [Test worker] INFO org.springframework.mock.web.MockServletContext -- Initializing Spring TestDispatcherServlet ''
22:47:14.545 [Test worker] INFO org.springframework.test.web.servlet.TestDispatcherServlet -- Initializing Servlet ''
22:47:14.546 [Test worker] INFO org.springframework.test.web.servlet.TestDispatcherServlet -- Completed initialization in 0 ms
22:47:14.575 [Test worker] WARN org.springframework.web.servlet.mvc.support.DefaultHandlerExceptionResolver -- Resolved [org.springframework.web.bind.MethodArgumentNotValidException: Validation failed for argument [0] in public org.springframework.http.ResponseEntity<java.lang.String> com.bootcamp_2024_2.api_stock.adapters.driving.http.controller.BrandRestControllerAdapter.addBrand(com.bootcamp_2024_2.api_stock.adapters.driving.http.dto.request.AddBrandRequest) with 2 errors: [Field error in object 'addBrandRequest' on field 'description': rejected value [N]; codes [Size.addBrandRequest.description,Size.description,Size.java.lang.String,Size]; arguments [org.springframework.context.support.DefaultMessageSourceResolvable: codes [addBrandRequest.description,description]; arguments []; default message [description],120,2]; default message [Description must be between 2 and 120 characters]] [Field error in object 'addBrandRequest' on field 'name': rejected value [N]; codes [Size.addBrandRequest.name,Size.name,Size.java.lang.String,Size]; arguments [org.springframework.context.support.DefaultMessageSourceResolvable: codes [addBrandRequest.name,name]; arguments []; default message [name],50,2]; default message [The name must be between 2 and 50 characters]] ]
22:47:14.615 [Test worker] INFO org.springframework.mock.web.MockServletContext -- Initializing Spring TestDispatcherServlet ''
22:47:14.616 [Test worker] INFO org.springframework.test.web.servlet.TestDispatcherServlet -- Initializing Servlet ''
22:47:14.619 [Test worker] INFO org.springframework.test.web.servlet.TestDispatcherServlet -- Completed initialization in 2 ms
22:47:14.646 [Test worker] WARN org.springframework.web.servlet.mvc.support.DefaultHandlerExceptionResolver -- Resolved [org.springframework.web.bind.MethodArgumentNotValidException: Validation failed for argument [0] in public org.springframework.http.ResponseEntity<java.lang.String> com.bootcamp_2024_2.api_stock.adapters.driving.http.controller.BrandRestControllerAdapter.addBrand(com.bootcamp_2024_2.api_stock.adapters.driving.http.dto.request.AddBrandRequest): [Field error in object 'addBrandRequest' on field 'name': rejected value [Lorem ipsum dolor sit amet, consectetur adipiscing elit. Aenean.]; codes [Size.addBrandRequest.name,Size.name,Size.java.lang.String,Size]; arguments [org.springframework.context.support.DefaultMessageSourceResolvable: codes [addBrandRequest.name,name]; arguments []; default message [name],50,2]; default message [The name must be between 2 and 50 characters]] ]
22:47:14.693 [Test worker] INFO org.springframework.mock.web.MockServletContext -- Initializing Spring TestDispatcherServlet ''
22:47:14.694 [Test worker] INFO org.springframework.test.web.servlet.TestDispatcherServlet -- Initializing Servlet ''
22:47:14.699 [Test worker] INFO org.springframework.test.web.servlet.TestDispatcherServlet -- Completed initialization in 4 ms
22:47:14.729 [Test worker] WARN org.springframework.web.servlet.mvc.support.DefaultHandlerExceptionResolver -- Resolved [org.springframework.web.bind.MethodArgumentNotValidException: Validation failed for argument [0] in public org.springframework.http.ResponseEntity<java.lang.String> com.bootcamp_2024_2.api_stock.adapters.driving.http.controller.BrandRestControllerAdapter.addBrand(com.bootcamp_2024_2.api_stock.adapters.driving.http.dto.request.AddBrandRequest) with 2 errors: [Field error in object 'addBrandRequest' on field 'name': rejected value []; codes [Size.addBrandRequest.name,Size.name,Size.java.lang.String,Size]; arguments [org.springframework.context.support.DefaultMessageSourceResolvable: codes [addBrandRequest.name,name]; arguments []; default message [name],50,2]; default message [The name must be between 2 and 50 characters]] [Field error in object 'addBrandRequest' on field 'name': rejected value []; codes [NotBlank.addBrandRequest.name,NotBlank.name,NotBlank.java.lang.String,NotBlank]; arguments [org.springframework.context.support.DefaultMessageSourceResolvable: codes [addBrandRequest.name,name]; arguments []; default message [name]]; default message [Field 'name' cannot be null]] ]
22:47:14.765 [Test worker] INFO org.springframework.mock.web.MockServletContext -- Initializing Spring TestDispatcherServlet ''
22:47:14.766 [Test worker] INFO org.springframework.test.web.servlet.TestDispatcherServlet -- Initializing Servlet ''
22:47:14.767 [Test worker] INFO org.springframework.test.web.servlet.TestDispatcherServlet -- Completed initialization in 1 ms
22:47:14.796 [Test worker] WARN org.springframework.web.servlet.mvc.support.DefaultHandlerExceptionResolver -- Resolved [org.springframework.web.bind.MethodArgumentNotValidException: Validation failed for argument [0] in public org.springframework.http.ResponseEntity<java.lang.String> com.bootcamp_2024_2.api_stock.adapters.driving.http.controller.BrandRestControllerAdapter.addBrand(com.bootcamp_2024_2.api_stock.adapters.driving.http.dto.request.AddBrandRequest) with 2 errors: [Field error in object 'addBrandRequest' on field 'description': rejected value []; codes [NotBlank.addBrandRequest.description,NotBlank.description,NotBlank.java.lang.String,NotBlank]; arguments [org.springframework.context.support.DefaultMessageSourceResolvable: codes [addBrandRequest.description,description]; arguments []; default message [description]]; default message [Field 'description' cannot be null]] [Field error in object 'addBrandRequest' on field 'description': rejected value []; codes [Size.addBrandRequest.description,Size.description,Size.java.lang.String,Size]; arguments [org.springframework.context.support.DefaultMessageSourceResolvable: codes [addBrandRequest.description,description]; arguments []; default message [description],120,2]; default message [Description must be between 2 and 120 characters]] ]
22:47:14.832 [Test worker] INFO org.springframework.mock.web.MockServletContext -- Initializing Spring TestDispatcherServlet ''
22:47:14.833 [Test worker] INFO org.springframework.test.web.servlet.TestDispatcherServlet -- Initializing Servlet ''
22:47:14.833 [Test worker] INFO org.springframework.test.web.servlet.TestDispatcherServlet -- Completed initialization in 0 ms
22:47:14.855 [Test worker] WARN org.springframework.web.servlet.mvc.support.DefaultHandlerExceptionResolver -- Resolved [org.springframework.web.bind.MethodArgumentNotValidException: Validation failed for argument [0] in public org.springframework.http.ResponseEntity<java.lang.String> com.bootcamp_2024_2.api_stock.adapters.driving.http.controller.BrandRestControllerAdapter.addBrand(com.bootcamp_2024_2.api_stock.adapters.driving.http.dto.request.AddBrandRequest) with 2 errors: [Field error in object 'addBrandRequest' on field 'name': rejected value [N]; codes [Size.addBrandRequest.name,Size.name,Size.java.lang.String,Size]; arguments [org.springframework.context.support.DefaultMessageSourceResolvable: codes [addBrandRequest.name,name]; arguments []; default message [name],50,2]; default message [The name must be between 2 and 50 characters]] [Field error in object 'addBrandRequest' on field 'description': rejected value [N]; codes [Size.addBrandRequest.description,Size.description,Size.java.lang.String,Size]; arguments [org.springframework.context.support.DefaultMessageSourceResolvable: codes [addBrandRequest.description,description]; arguments []; default message [description],120,2]; default message [Description must be between 2 and 120 characters]] ]
22:47:14.883 [Test worker] INFO org.springframework.mock.web.MockServletContext -- Initializing Spring TestDispatcherServlet ''
22:47:14.883 [Test worker] INFO org.springframework.test.web.servlet.TestDispatcherServlet -- Initializing Servlet ''
22:47:14.883 [Test worker] INFO org.springframework.test.web.servlet.TestDispatcherServlet -- Completed initialization in 0 ms
22:47:14.903 [Test worker] WARN org.springframework.web.servlet.mvc.support.DefaultHandlerExceptionResolver -- Resolved [org.springframework.web.bind.MethodArgumentNotValidException: Validation failed for argument [0] in public org.springframework.http.ResponseEntity<java.lang.String> com.bootcamp_2024_2.api_stock.adapters.driving.http.controller.BrandRestControllerAdapter.addBrand(com.bootcamp_2024_2.api_stock.adapters.driving.http.dto.request.AddBrandRequest): [Field error in object 'addBrandRequest' on field 'name': rejected value [Lorem ipsum dolor sit amet, consectetur adipiscing elit. Aenean.]; codes [Size.addBrandRequest.name,Size.name,Size.java.lang.String,Size]; arguments [org.springframework.context.support.DefaultMessageSourceResolvable: codes [addBrandRequest.name,name]; arguments []; default message [name],50,2]; default message [The name must be between 2 and 50 characters]] ]
]]></system-out>
  <system-err><![CDATA[]]></system-err>
</testsuite>
