<?xml version="1.0" encoding="UTF-8"?>
<testsuite name="com.bootcamp_2024_2.api_stock.adapters.driving.http.controller.BrandRestControllerAdapterTest" tests="10" skipped="0" failures="0" errors="0" timestamp="2024-09-08T03:22:32" hostname="JUANES" time="6.259">
  <properties/>
  <testcase name="[1] testCase=com.bootcamp_2024_2.api_stock.testData.RequestCase@10f7f7de" classname="com.bootcamp_2024_2.api_stock.adapters.driving.http.controller.BrandRestControllerAdapterTest" time="5.671"/>
  <testcase name="[2] testCase=com.bootcamp_2024_2.api_stock.testData.RequestCase@a21c74" classname="com.bootcamp_2024_2.api_stock.adapters.driving.http.controller.BrandRestControllerAdapterTest" time="0.134"/>
  <testcase name="[3] testCase=com.bootcamp_2024_2.api_stock.testData.RequestCase@27bcb4ad" classname="com.bootcamp_2024_2.api_stock.adapters.driving.http.controller.BrandRestControllerAdapterTest" time="0.051"/>
  <testcase name="[4] testCase=com.bootcamp_2024_2.api_stock.testData.RequestCase@aa752bb" classname="com.bootcamp_2024_2.api_stock.adapters.driving.http.controller.BrandRestControllerAdapterTest" time="0.037"/>
  <testcase name="[5] testCase=com.bootcamp_2024_2.api_stock.testData.RequestCase@66d3b881" classname="com.bootcamp_2024_2.api_stock.adapters.driving.http.controller.BrandRestControllerAdapterTest" time="0.035"/>
  <testcase name="[6] testCase=com.bootcamp_2024_2.api_stock.testData.RequestCase@365cef67" classname="com.bootcamp_2024_2.api_stock.adapters.driving.http.controller.BrandRestControllerAdapterTest" time="0.036"/>
  <testcase name="[7] testCase=com.bootcamp_2024_2.api_stock.testData.RequestCase@78479f2b" classname="com.bootcamp_2024_2.api_stock.adapters.driving.http.controller.BrandRestControllerAdapterTest" time="0.029"/>
  <testcase name="[8] testCase=com.bootcamp_2024_2.api_stock.testData.RequestCase@6a5dd083" classname="com.bootcamp_2024_2.api_stock.adapters.driving.http.controller.BrandRestControllerAdapterTest" time="0.031"/>
  <testcase name="[9] testCase=com.bootcamp_2024_2.api_stock.testData.RequestCase@474e34e4" classname="com.bootcamp_2024_2.api_stock.adapters.driving.http.controller.BrandRestControllerAdapterTest" time="0.033"/>
  <testcase name="testGetAllBrands()" classname="com.bootcamp_2024_2.api_stock.adapters.driving.http.controller.BrandRestControllerAdapterTest" time="0.174"/>
  <system-out><![CDATA[22:22:36.587 [Test worker] INFO org.hibernate.validator.internal.util.Version -- HV000001: Hibernate Validator 8.0.1.Final
22:22:38.012 [Test worker] INFO org.springframework.mock.web.MockServletContext -- Initializing Spring TestDispatcherServlet ''
22:22:38.012 [Test worker] INFO org.springframework.test.web.servlet.TestDispatcherServlet -- Initializing Servlet ''
22:22:38.020 [Test worker] INFO org.springframework.test.web.servlet.TestDispatcherServlet -- Completed initialization in 4 ms
22:22:38.618 [Test worker] INFO org.springframework.mock.web.MockServletContext -- Initializing Spring TestDispatcherServlet ''
22:22:38.618 [Test worker] INFO org.springframework.test.web.servlet.TestDispatcherServlet -- Initializing Servlet ''
22:22:38.619 [Test worker] INFO org.springframework.test.web.servlet.TestDispatcherServlet -- Completed initialization in 0 ms
22:22:38.713 [Test worker] WARN org.springframework.web.servlet.mvc.support.DefaultHandlerExceptionResolver -- Resolved [org.springframework.web.bind.MethodArgumentNotValidException: Validation failed for argument [0] in public org.springframework.http.ResponseEntity<com.bootcamp_2024_2.api_stock.adapters.driving.http.dto.response.BrandResponse> com.bootcamp_2024_2.api_stock.adapters.driving.http.controller.BrandRestControllerAdapter.addBrand(com.bootcamp_2024_2.api_stock.adapters.driving.http.dto.request.AddBrandRequest) with 2 errors: [Field error in object 'addBrandRequest' on field 'name': rejected value []; codes [Size.addBrandRequest.name,Size.name,Size.java.lang.String,Size]; arguments [org.springframework.context.support.DefaultMessageSourceResolvable: codes [addBrandRequest.name,name]; arguments []; default message [name],50,2]; default message [The name must be between 2 and 50 characters]] [Field error in object 'addBrandRequest' on field 'name': rejected value []; codes [NotBlank.addBrandRequest.name,NotBlank.name,NotBlank.java.lang.String,NotBlank]; arguments [org.springframework.context.support.DefaultMessageSourceResolvable: codes [addBrandRequest.name,name]; arguments []; default message [name]]; default message [Field 'name' cannot be null]] ]
22:22:38.748 [Test worker] INFO org.springframework.mock.web.MockServletContext -- Initializing Spring TestDispatcherServlet ''
22:22:38.749 [Test worker] INFO org.springframework.test.web.servlet.TestDispatcherServlet -- Initializing Servlet ''
22:22:38.749 [Test worker] INFO org.springframework.test.web.servlet.TestDispatcherServlet -- Completed initialization in 0 ms
22:22:38.774 [Test worker] WARN org.springframework.web.servlet.mvc.support.DefaultHandlerExceptionResolver -- Resolved [org.springframework.web.bind.MethodArgumentNotValidException: Validation failed for argument [0] in public org.springframework.http.ResponseEntity<com.bootcamp_2024_2.api_stock.adapters.driving.http.dto.response.BrandResponse> com.bootcamp_2024_2.api_stock.adapters.driving.http.controller.BrandRestControllerAdapter.addBrand(com.bootcamp_2024_2.api_stock.adapters.driving.http.dto.request.AddBrandRequest) with 2 errors: [Field error in object 'addBrandRequest' on field 'description': rejected value []; codes [Size.addBrandRequest.description,Size.description,Size.java.lang.String,Size]; arguments [org.springframework.context.support.DefaultMessageSourceResolvable: codes [addBrandRequest.description,description]; arguments []; default message [description],120,2]; default message [Description must be between 2 and 120 characters]] [Field error in object 'addBrandRequest' on field 'description': rejected value []; codes [NotBlank.addBrandRequest.description,NotBlank.description,NotBlank.java.lang.String,NotBlank]; arguments [org.springframework.context.support.DefaultMessageSourceResolvable: codes [addBrandRequest.description,description]; arguments []; default message [description]]; default message [Field 'description' cannot be null]] ]
22:22:38.802 [Test worker] INFO org.springframework.mock.web.MockServletContext -- Initializing Spring TestDispatcherServlet ''
22:22:38.802 [Test worker] INFO org.springframework.test.web.servlet.TestDispatcherServlet -- Initializing Servlet ''
22:22:38.802 [Test worker] INFO org.springframework.test.web.servlet.TestDispatcherServlet -- Completed initialization in 0 ms
22:22:38.814 [Test worker] WARN org.springframework.web.servlet.mvc.support.DefaultHandlerExceptionResolver -- Resolved [org.springframework.web.bind.MethodArgumentNotValidException: Validation failed for argument [0] in public org.springframework.http.ResponseEntity<com.bootcamp_2024_2.api_stock.adapters.driving.http.dto.response.BrandResponse> com.bootcamp_2024_2.api_stock.adapters.driving.http.controller.BrandRestControllerAdapter.addBrand(com.bootcamp_2024_2.api_stock.adapters.driving.http.dto.request.AddBrandRequest) with 2 errors: [Field error in object 'addBrandRequest' on field 'name': rejected value [N]; codes [Size.addBrandRequest.name,Size.name,Size.java.lang.String,Size]; arguments [org.springframework.context.support.DefaultMessageSourceResolvable: codes [addBrandRequest.name,name]; arguments []; default message [name],50,2]; default message [The name must be between 2 and 50 characters]] [Field error in object 'addBrandRequest' on field 'description': rejected value [N]; codes [Size.addBrandRequest.description,Size.description,Size.java.lang.String,Size]; arguments [org.springframework.context.support.DefaultMessageSourceResolvable: codes [addBrandRequest.description,description]; arguments []; default message [description],120,2]; default message [Description must be between 2 and 120 characters]] ]
22:22:38.835 [Test worker] INFO org.springframework.mock.web.MockServletContext -- Initializing Spring TestDispatcherServlet ''
22:22:38.835 [Test worker] INFO org.springframework.test.web.servlet.TestDispatcherServlet -- Initializing Servlet ''
22:22:38.836 [Test worker] INFO org.springframework.test.web.servlet.TestDispatcherServlet -- Completed initialization in 1 ms
22:22:38.853 [Test worker] WARN org.springframework.web.servlet.mvc.support.DefaultHandlerExceptionResolver -- Resolved [org.springframework.web.bind.MethodArgumentNotValidException: Validation failed for argument [0] in public org.springframework.http.ResponseEntity<com.bootcamp_2024_2.api_stock.adapters.driving.http.dto.response.BrandResponse> com.bootcamp_2024_2.api_stock.adapters.driving.http.controller.BrandRestControllerAdapter.addBrand(com.bootcamp_2024_2.api_stock.adapters.driving.http.dto.request.AddBrandRequest): [Field error in object 'addBrandRequest' on field 'name': rejected value [Lorem ipsum dolor sit amet, consectetur adipiscing elit. Aenean.]; codes [Size.addBrandRequest.name,Size.name,Size.java.lang.String,Size]; arguments [org.springframework.context.support.DefaultMessageSourceResolvable: codes [addBrandRequest.name,name]; arguments []; default message [name],50,2]; default message [The name must be between 2 and 50 characters]] ]
22:22:38.870 [Test worker] INFO org.springframework.mock.web.MockServletContext -- Initializing Spring TestDispatcherServlet ''
22:22:38.870 [Test worker] INFO org.springframework.test.web.servlet.TestDispatcherServlet -- Initializing Servlet ''
22:22:38.872 [Test worker] INFO org.springframework.test.web.servlet.TestDispatcherServlet -- Completed initialization in 0 ms
22:22:38.890 [Test worker] WARN org.springframework.web.servlet.mvc.support.DefaultHandlerExceptionResolver -- Resolved [org.springframework.web.bind.MethodArgumentNotValidException: Validation failed for argument [0] in public org.springframework.http.ResponseEntity<com.bootcamp_2024_2.api_stock.adapters.driving.http.dto.response.BrandResponse> com.bootcamp_2024_2.api_stock.adapters.driving.http.controller.BrandRestControllerAdapter.addBrand(com.bootcamp_2024_2.api_stock.adapters.driving.http.dto.request.AddBrandRequest) with 2 errors: [Field error in object 'addBrandRequest' on field 'name': rejected value []; codes [NotBlank.addBrandRequest.name,NotBlank.name,NotBlank.java.lang.String,NotBlank]; arguments [org.springframework.context.support.DefaultMessageSourceResolvable: codes [addBrandRequest.name,name]; arguments []; default message [name]]; default message [Field 'name' cannot be null]] [Field error in object 'addBrandRequest' on field 'name': rejected value []; codes [Size.addBrandRequest.name,Size.name,Size.java.lang.String,Size]; arguments [org.springframework.context.support.DefaultMessageSourceResolvable: codes [addBrandRequest.name,name]; arguments []; default message [name],50,2]; default message [The name must be between 2 and 50 characters]] ]
22:22:38.910 [Test worker] INFO org.springframework.mock.web.MockServletContext -- Initializing Spring TestDispatcherServlet ''
22:22:38.910 [Test worker] INFO org.springframework.test.web.servlet.TestDispatcherServlet -- Initializing Servlet ''
22:22:38.910 [Test worker] INFO org.springframework.test.web.servlet.TestDispatcherServlet -- Completed initialization in 0 ms
22:22:38.922 [Test worker] WARN org.springframework.web.servlet.mvc.support.DefaultHandlerExceptionResolver -- Resolved [org.springframework.web.bind.MethodArgumentNotValidException: Validation failed for argument [0] in public org.springframework.http.ResponseEntity<com.bootcamp_2024_2.api_stock.adapters.driving.http.dto.response.BrandResponse> com.bootcamp_2024_2.api_stock.adapters.driving.http.controller.BrandRestControllerAdapter.addBrand(com.bootcamp_2024_2.api_stock.adapters.driving.http.dto.request.AddBrandRequest) with 2 errors: [Field error in object 'addBrandRequest' on field 'description': rejected value []; codes [Size.addBrandRequest.description,Size.description,Size.java.lang.String,Size]; arguments [org.springframework.context.support.DefaultMessageSourceResolvable: codes [addBrandRequest.description,description]; arguments []; default message [description],120,2]; default message [Description must be between 2 and 120 characters]] [Field error in object 'addBrandRequest' on field 'description': rejected value []; codes [NotBlank.addBrandRequest.description,NotBlank.description,NotBlank.java.lang.String,NotBlank]; arguments [org.springframework.context.support.DefaultMessageSourceResolvable: codes [addBrandRequest.description,description]; arguments []; default message [description]]; default message [Field 'description' cannot be null]] ]
22:22:38.943 [Test worker] INFO org.springframework.mock.web.MockServletContext -- Initializing Spring TestDispatcherServlet ''
22:22:38.943 [Test worker] INFO org.springframework.test.web.servlet.TestDispatcherServlet -- Initializing Servlet ''
22:22:38.943 [Test worker] INFO org.springframework.test.web.servlet.TestDispatcherServlet -- Completed initialization in 0 ms
22:22:38.955 [Test worker] WARN org.springframework.web.servlet.mvc.support.DefaultHandlerExceptionResolver -- Resolved [org.springframework.web.bind.MethodArgumentNotValidException: Validation failed for argument [0] in public org.springframework.http.ResponseEntity<com.bootcamp_2024_2.api_stock.adapters.driving.http.dto.response.BrandResponse> com.bootcamp_2024_2.api_stock.adapters.driving.http.controller.BrandRestControllerAdapter.addBrand(com.bootcamp_2024_2.api_stock.adapters.driving.http.dto.request.AddBrandRequest) with 2 errors: [Field error in object 'addBrandRequest' on field 'name': rejected value [N]; codes [Size.addBrandRequest.name,Size.name,Size.java.lang.String,Size]; arguments [org.springframework.context.support.DefaultMessageSourceResolvable: codes [addBrandRequest.name,name]; arguments []; default message [name],50,2]; default message [The name must be between 2 and 50 characters]] [Field error in object 'addBrandRequest' on field 'description': rejected value [N]; codes [Size.addBrandRequest.description,Size.description,Size.java.lang.String,Size]; arguments [org.springframework.context.support.DefaultMessageSourceResolvable: codes [addBrandRequest.description,description]; arguments []; default message [description],120,2]; default message [Description must be between 2 and 120 characters]] ]
22:22:38.977 [Test worker] INFO org.springframework.mock.web.MockServletContext -- Initializing Spring TestDispatcherServlet ''
22:22:38.978 [Test worker] INFO org.springframework.test.web.servlet.TestDispatcherServlet -- Initializing Servlet ''
22:22:38.978 [Test worker] INFO org.springframework.test.web.servlet.TestDispatcherServlet -- Completed initialization in 0 ms
22:22:38.990 [Test worker] WARN org.springframework.web.servlet.mvc.support.DefaultHandlerExceptionResolver -- Resolved [org.springframework.web.bind.MethodArgumentNotValidException: Validation failed for argument [0] in public org.springframework.http.ResponseEntity<com.bootcamp_2024_2.api_stock.adapters.driving.http.dto.response.BrandResponse> com.bootcamp_2024_2.api_stock.adapters.driving.http.controller.BrandRestControllerAdapter.addBrand(com.bootcamp_2024_2.api_stock.adapters.driving.http.dto.request.AddBrandRequest): [Field error in object 'addBrandRequest' on field 'name': rejected value [Lorem ipsum dolor sit amet, consectetur adipiscing elit. Aenean.]; codes [Size.addBrandRequest.name,Size.name,Size.java.lang.String,Size]; arguments [org.springframework.context.support.DefaultMessageSourceResolvable: codes [addBrandRequest.name,name]; arguments []; default message [name],50,2]; default message [The name must be between 2 and 50 characters]] ]
22:22:39.008 [Test worker] INFO org.springframework.mock.web.MockServletContext -- Initializing Spring TestDispatcherServlet ''
22:22:39.009 [Test worker] INFO org.springframework.test.web.servlet.TestDispatcherServlet -- Initializing Servlet ''
22:22:39.009 [Test worker] INFO org.springframework.test.web.servlet.TestDispatcherServlet -- Completed initialization in 0 ms
]]></system-out>
  <system-err><![CDATA[]]></system-err>
</testsuite>
