<?xml version="1.0" encoding="UTF-8"?>
<testsuite name="com.bootcamp_2024_2.api_stock.adapters.driving.http.controller.CategoryRestControllerAdapterTest" tests="9" skipped="0" failures="0" errors="0" timestamp="2024-09-05T00:59:12" hostname="JUANES" time="0.539">
  <properties/>
  <testcase name="[1] testCase=com.bootcamp_2024_2.api_stock.testData.RequestCase@3407aa4f" classname="com.bootcamp_2024_2.api_stock.adapters.driving.http.controller.CategoryRestControllerAdapterTest" time="0.243"/>
  <testcase name="[2] testCase=com.bootcamp_2024_2.api_stock.testData.RequestCase@31228d83" classname="com.bootcamp_2024_2.api_stock.adapters.driving.http.controller.CategoryRestControllerAdapterTest" time="0.035"/>
  <testcase name="[3] testCase=com.bootcamp_2024_2.api_stock.testData.RequestCase@568f4faa" classname="com.bootcamp_2024_2.api_stock.adapters.driving.http.controller.CategoryRestControllerAdapterTest" time="0.032"/>
  <testcase name="[4] testCase=com.bootcamp_2024_2.api_stock.testData.RequestCase@1247c72e" classname="com.bootcamp_2024_2.api_stock.adapters.driving.http.controller.CategoryRestControllerAdapterTest" time="0.035"/>
  <testcase name="[5] testCase=com.bootcamp_2024_2.api_stock.testData.RequestCase@1ac0cdb0" classname="com.bootcamp_2024_2.api_stock.adapters.driving.http.controller.CategoryRestControllerAdapterTest" time="0.036"/>
  <testcase name="[6] testCase=com.bootcamp_2024_2.api_stock.testData.RequestCase@2fee69a1" classname="com.bootcamp_2024_2.api_stock.adapters.driving.http.controller.CategoryRestControllerAdapterTest" time="0.032"/>
  <testcase name="[7] testCase=com.bootcamp_2024_2.api_stock.testData.RequestCase@283a8ad6" classname="com.bootcamp_2024_2.api_stock.adapters.driving.http.controller.CategoryRestControllerAdapterTest" time="0.037"/>
  <testcase name="[8] testCase=com.bootcamp_2024_2.api_stock.testData.RequestCase@749baa0c" classname="com.bootcamp_2024_2.api_stock.adapters.driving.http.controller.CategoryRestControllerAdapterTest" time="0.035"/>
  <testcase name="[9] testCase=com.bootcamp_2024_2.api_stock.testData.RequestCase@5cc3e49b" classname="com.bootcamp_2024_2.api_stock.adapters.driving.http.controller.CategoryRestControllerAdapterTest" time="0.03"/>
  <system-out><![CDATA[19:59:12.705 [Test worker] INFO org.springframework.mock.web.MockServletContext -- Initializing Spring TestDispatcherServlet ''
19:59:12.705 [Test worker] INFO org.springframework.test.web.servlet.TestDispatcherServlet -- Initializing Servlet ''
19:59:12.706 [Test worker] INFO org.springframework.test.web.servlet.TestDispatcherServlet -- Completed initialization in 1 ms
19:59:12.746 [Test worker] INFO org.springframework.mock.web.MockServletContext -- Initializing Spring TestDispatcherServlet ''
19:59:12.747 [Test worker] INFO org.springframework.test.web.servlet.TestDispatcherServlet -- Initializing Servlet ''
19:59:12.747 [Test worker] INFO org.springframework.test.web.servlet.TestDispatcherServlet -- Completed initialization in 0 ms
19:59:12.763 [Test worker] WARN org.springframework.web.servlet.mvc.support.DefaultHandlerExceptionResolver -- Resolved [org.springframework.web.bind.MethodArgumentNotValidException: Validation failed for argument [0] in public org.springframework.http.ResponseEntity<com.bootcamp_2024_2.api_stock.adapters.driving.http.dto.response.CategoryResponse> com.bootcamp_2024_2.api_stock.adapters.driving.http.controller.CategoryRestControllerAdapter.addCategory(com.bootcamp_2024_2.api_stock.adapters.driving.http.dto.request.AddCategoryRequest) with 2 errors: [Field error in object 'addCategoryRequest' on field 'name': rejected value []; codes [NotBlank.addCategoryRequest.name,NotBlank.name,NotBlank.java.lang.String,NotBlank]; arguments [org.springframework.context.support.DefaultMessageSourceResolvable: codes [addCategoryRequest.name,name]; arguments []; default message [name]]; default message [Field 'name' cannot be null]] [Field error in object 'addCategoryRequest' on field 'name': rejected value []; codes [Size.addCategoryRequest.name,Size.name,Size.java.lang.String,Size]; arguments [org.springframework.context.support.DefaultMessageSourceResolvable: codes [addCategoryRequest.name,name]; arguments []; default message [name],50,2]; default message [The name must be between 2 and 50 characters]] ]
19:59:12.784 [Test worker] INFO org.springframework.mock.web.MockServletContext -- Initializing Spring TestDispatcherServlet ''
19:59:12.784 [Test worker] INFO org.springframework.test.web.servlet.TestDispatcherServlet -- Initializing Servlet ''
19:59:12.784 [Test worker] INFO org.springframework.test.web.servlet.TestDispatcherServlet -- Completed initialization in 0 ms
19:59:12.798 [Test worker] WARN org.springframework.web.servlet.mvc.support.DefaultHandlerExceptionResolver -- Resolved [org.springframework.web.bind.MethodArgumentNotValidException: Validation failed for argument [0] in public org.springframework.http.ResponseEntity<com.bootcamp_2024_2.api_stock.adapters.driving.http.dto.response.CategoryResponse> com.bootcamp_2024_2.api_stock.adapters.driving.http.controller.CategoryRestControllerAdapter.addCategory(com.bootcamp_2024_2.api_stock.adapters.driving.http.dto.request.AddCategoryRequest) with 2 errors: [Field error in object 'addCategoryRequest' on field 'description': rejected value []; codes [Size.addCategoryRequest.description,Size.description,Size.java.lang.String,Size]; arguments [org.springframework.context.support.DefaultMessageSourceResolvable: codes [addCategoryRequest.description,description]; arguments []; default message [description],90,2]; default message [Description must be between 2 and 90 characters]] [Field error in object 'addCategoryRequest' on field 'description': rejected value []; codes [NotBlank.addCategoryRequest.description,NotBlank.description,NotBlank.java.lang.String,NotBlank]; arguments [org.springframework.context.support.DefaultMessageSourceResolvable: codes [addCategoryRequest.description,description]; arguments []; default message [description]]; default message [Field 'description' cannot be null]] ]
19:59:12.818 [Test worker] INFO org.springframework.mock.web.MockServletContext -- Initializing Spring TestDispatcherServlet ''
19:59:12.819 [Test worker] INFO org.springframework.test.web.servlet.TestDispatcherServlet -- Initializing Servlet ''
19:59:12.820 [Test worker] INFO org.springframework.test.web.servlet.TestDispatcherServlet -- Completed initialization in 0 ms
19:59:12.835 [Test worker] WARN org.springframework.web.servlet.mvc.support.DefaultHandlerExceptionResolver -- Resolved [org.springframework.web.bind.MethodArgumentNotValidException: Validation failed for argument [0] in public org.springframework.http.ResponseEntity<com.bootcamp_2024_2.api_stock.adapters.driving.http.dto.response.CategoryResponse> com.bootcamp_2024_2.api_stock.adapters.driving.http.controller.CategoryRestControllerAdapter.addCategory(com.bootcamp_2024_2.api_stock.adapters.driving.http.dto.request.AddCategoryRequest) with 2 errors: [Field error in object 'addCategoryRequest' on field 'description': rejected value [A]; codes [Size.addCategoryRequest.description,Size.description,Size.java.lang.String,Size]; arguments [org.springframework.context.support.DefaultMessageSourceResolvable: codes [addCategoryRequest.description,description]; arguments []; default message [description],90,2]; default message [Description must be between 2 and 90 characters]] [Field error in object 'addCategoryRequest' on field 'name': rejected value [A]; codes [Size.addCategoryRequest.name,Size.name,Size.java.lang.String,Size]; arguments [org.springframework.context.support.DefaultMessageSourceResolvable: codes [addCategoryRequest.name,name]; arguments []; default message [name],50,2]; default message [The name must be between 2 and 50 characters]] ]
19:59:12.861 [Test worker] INFO org.springframework.mock.web.MockServletContext -- Initializing Spring TestDispatcherServlet ''
19:59:12.861 [Test worker] INFO org.springframework.test.web.servlet.TestDispatcherServlet -- Initializing Servlet ''
19:59:12.862 [Test worker] INFO org.springframework.test.web.servlet.TestDispatcherServlet -- Completed initialization in 1 ms
19:59:12.875 [Test worker] WARN org.springframework.web.servlet.mvc.support.DefaultHandlerExceptionResolver -- Resolved [org.springframework.web.bind.MethodArgumentNotValidException: Validation failed for argument [0] in public org.springframework.http.ResponseEntity<com.bootcamp_2024_2.api_stock.adapters.driving.http.dto.response.CategoryResponse> com.bootcamp_2024_2.api_stock.adapters.driving.http.controller.CategoryRestControllerAdapter.addCategory(com.bootcamp_2024_2.api_stock.adapters.driving.http.dto.request.AddCategoryRequest): [Field error in object 'addCategoryRequest' on field 'name': rejected value [Lorem ipsum dolor sit amet, consectetur adipiscing elit. Aenean.]; codes [Size.addCategoryRequest.name,Size.name,Size.java.lang.String,Size]; arguments [org.springframework.context.support.DefaultMessageSourceResolvable: codes [addCategoryRequest.name,name]; arguments []; default message [name],50,2]; default message [The name must be between 2 and 50 characters]] ]
19:59:12.895 [Test worker] INFO org.springframework.mock.web.MockServletContext -- Initializing Spring TestDispatcherServlet ''
19:59:12.896 [Test worker] INFO org.springframework.test.web.servlet.TestDispatcherServlet -- Initializing Servlet ''
19:59:12.896 [Test worker] INFO org.springframework.test.web.servlet.TestDispatcherServlet -- Completed initialization in 0 ms
19:59:12.911 [Test worker] WARN org.springframework.web.servlet.mvc.support.DefaultHandlerExceptionResolver -- Resolved [org.springframework.web.bind.MethodArgumentNotValidException: Validation failed for argument [0] in public org.springframework.http.ResponseEntity<com.bootcamp_2024_2.api_stock.adapters.driving.http.dto.response.CategoryResponse> com.bootcamp_2024_2.api_stock.adapters.driving.http.controller.CategoryRestControllerAdapter.addCategory(com.bootcamp_2024_2.api_stock.adapters.driving.http.dto.request.AddCategoryRequest) with 2 errors: [Field error in object 'addCategoryRequest' on field 'name': rejected value []; codes [Size.addCategoryRequest.name,Size.name,Size.java.lang.String,Size]; arguments [org.springframework.context.support.DefaultMessageSourceResolvable: codes [addCategoryRequest.name,name]; arguments []; default message [name],50,2]; default message [The name must be between 2 and 50 characters]] [Field error in object 'addCategoryRequest' on field 'name': rejected value []; codes [NotBlank.addCategoryRequest.name,NotBlank.name,NotBlank.java.lang.String,NotBlank]; arguments [org.springframework.context.support.DefaultMessageSourceResolvable: codes [addCategoryRequest.name,name]; arguments []; default message [name]]; default message [Field 'name' cannot be null]] ]
19:59:12.935 [Test worker] INFO org.springframework.mock.web.MockServletContext -- Initializing Spring TestDispatcherServlet ''
19:59:12.935 [Test worker] INFO org.springframework.test.web.servlet.TestDispatcherServlet -- Initializing Servlet ''
19:59:12.937 [Test worker] INFO org.springframework.test.web.servlet.TestDispatcherServlet -- Completed initialization in 0 ms
19:59:12.950 [Test worker] WARN org.springframework.web.servlet.mvc.support.DefaultHandlerExceptionResolver -- Resolved [org.springframework.web.bind.MethodArgumentNotValidException: Validation failed for argument [0] in public org.springframework.http.ResponseEntity<com.bootcamp_2024_2.api_stock.adapters.driving.http.dto.response.CategoryResponse> com.bootcamp_2024_2.api_stock.adapters.driving.http.controller.CategoryRestControllerAdapter.addCategory(com.bootcamp_2024_2.api_stock.adapters.driving.http.dto.request.AddCategoryRequest) with 2 errors: [Field error in object 'addCategoryRequest' on field 'description': rejected value []; codes [Size.addCategoryRequest.description,Size.description,Size.java.lang.String,Size]; arguments [org.springframework.context.support.DefaultMessageSourceResolvable: codes [addCategoryRequest.description,description]; arguments []; default message [description],90,2]; default message [Description must be between 2 and 90 characters]] [Field error in object 'addCategoryRequest' on field 'description': rejected value []; codes [NotBlank.addCategoryRequest.description,NotBlank.description,NotBlank.java.lang.String,NotBlank]; arguments [org.springframework.context.support.DefaultMessageSourceResolvable: codes [addCategoryRequest.description,description]; arguments []; default message [description]]; default message [Field 'description' cannot be null]] ]
19:59:12.969 [Test worker] INFO org.springframework.mock.web.MockServletContext -- Initializing Spring TestDispatcherServlet ''
19:59:12.969 [Test worker] INFO org.springframework.test.web.servlet.TestDispatcherServlet -- Initializing Servlet ''
19:59:12.970 [Test worker] INFO org.springframework.test.web.servlet.TestDispatcherServlet -- Completed initialization in 1 ms
19:59:12.987 [Test worker] WARN org.springframework.web.servlet.mvc.support.DefaultHandlerExceptionResolver -- Resolved [org.springframework.web.bind.MethodArgumentNotValidException: Validation failed for argument [0] in public org.springframework.http.ResponseEntity<com.bootcamp_2024_2.api_stock.adapters.driving.http.dto.response.CategoryResponse> com.bootcamp_2024_2.api_stock.adapters.driving.http.controller.CategoryRestControllerAdapter.addCategory(com.bootcamp_2024_2.api_stock.adapters.driving.http.dto.request.AddCategoryRequest) with 2 errors: [Field error in object 'addCategoryRequest' on field 'description': rejected value [A]; codes [Size.addCategoryRequest.description,Size.description,Size.java.lang.String,Size]; arguments [org.springframework.context.support.DefaultMessageSourceResolvable: codes [addCategoryRequest.description,description]; arguments []; default message [description],90,2]; default message [Description must be between 2 and 90 characters]] [Field error in object 'addCategoryRequest' on field 'name': rejected value [A]; codes [Size.addCategoryRequest.name,Size.name,Size.java.lang.String,Size]; arguments [org.springframework.context.support.DefaultMessageSourceResolvable: codes [addCategoryRequest.name,name]; arguments []; default message [name],50,2]; default message [The name must be between 2 and 50 characters]] ]
19:59:13.007 [Test worker] INFO org.springframework.mock.web.MockServletContext -- Initializing Spring TestDispatcherServlet ''
19:59:13.007 [Test worker] INFO org.springframework.test.web.servlet.TestDispatcherServlet -- Initializing Servlet ''
19:59:13.008 [Test worker] INFO org.springframework.test.web.servlet.TestDispatcherServlet -- Completed initialization in 1 ms
19:59:13.021 [Test worker] WARN org.springframework.web.servlet.mvc.support.DefaultHandlerExceptionResolver -- Resolved [org.springframework.web.bind.MethodArgumentNotValidException: Validation failed for argument [0] in public org.springframework.http.ResponseEntity<com.bootcamp_2024_2.api_stock.adapters.driving.http.dto.response.CategoryResponse> com.bootcamp_2024_2.api_stock.adapters.driving.http.controller.CategoryRestControllerAdapter.addCategory(com.bootcamp_2024_2.api_stock.adapters.driving.http.dto.request.AddCategoryRequest): [Field error in object 'addCategoryRequest' on field 'name': rejected value [Lorem ipsum dolor sit amet, consectetur adipiscing elit. Aenean.]; codes [Size.addCategoryRequest.name,Size.name,Size.java.lang.String,Size]; arguments [org.springframework.context.support.DefaultMessageSourceResolvable: codes [addCategoryRequest.name,name]; arguments []; default message [name],50,2]; default message [The name must be between 2 and 50 characters]] ]
]]></system-out>
  <system-err><![CDATA[]]></system-err>
</testsuite>
